1 0
2 1
3 2
4 2
5 4
6 2
7 6
8 4
9 6
10 4
11 10
12 4
13 12
14 6
15 8
16 8
17 16
18 6
19 18
20 8
21 12
22 10
23 22
24 8
25 20
26 12
27 18
28 12
29 28
30 8
31 30
32 16
33 20
34 16
35 24
36 12
37 36
38 18
39 24
40 16
41 40
42 12
43 42
44 20
45 24
46 22
47 46
48 16
49 42
50 20
51 32
52 24
53 52
54 18
55 40
56 24
57 36
58 28
59 58
60 16
61 60
62 30
63 36
64 32
65 48
66 20
67 66
68 32
69 44
70 24
71 70
72 24
73 72
74 36
75 40
76 36
77 60
78 24
79 78
80 32
81 54
82 40
83 82
84 24
85 64
86 42
87 56
88 40
89 88
90 24
91 72
92 44
93 60
94 46
95 72
96 32
97 96
98 42
99 60
100 40
101 100
102 32
103 102
104 48
105 48
106 52
107 106
108 36
109 108
110 40
111 72
112 48
113 112
114 36
115 88
116 56
117 72
118 58
119 96
120 32
121 110
122 60
123 80
124 60
125 100
126 36
127 126
128 64
129 84
130 48
131 130
132 40
133 108
134 66
135 72
136 64
137 136
138 44
139 138
140 48
141 92
142 70
143 120
144 48
145 112
146 72
147 84
148 72
149 148
150 40
151 150
152 72
153 96
154 60
155 120
156 48
157 156
158 78
159 104
160 64
161 132
162 54
163 162
164 80
165 80
166 82
167 166
168 48
169 156
170 64
171 108
172 84
173 172
174 56
175 120
176 80
177 116
178 88
179 178
180 48
181 180
182 72
183 120
184 88
185 144
186 60
187 160
188 92
189 108
190 72
191 190
192 64
193 192
194 96
195 96
196 84
197 196
198 60
199 198
200 80
201 132
202 100
203 168
204 64
205 160
206 102
207 132
208 96
209 180
210 48
211 210
212 104
213 140
214 106
215 168
216 72
217 180
218 108
219 144
220 80
221 192
222 72
223 222
224 96
225 120
226 112
227 226
228 72
229 228
230 88
231 120
232 112
233 232
234 72
235 184
236 116
237 156
238 96
239 238
240 64
241 240
242 110
243 162
244 120
245 168
246 80
247 216
248 120
249 164
250 100
251 250
252 72
253 220
254 126
255 128
256 128
257 256
258 84
259 216
260 96
261 168
262 130
263 262
264 80
265 208
266 108
267 176
268 132
269 268
270 72
271 270
272 128
273 144
274 136
275 200
276 88
277 276
278 138
279 180
280 96
281 280
282 92
283 282
284 140
285 144
286 120
287 240
288 96
289 272
290 112
291 192
292 144
293 292
294 84
295 232
296 144
297 180
298 148
299 264
300 80
301 252
302 150
303 200
304 144
305 240
306 96
307 306
308 120
309 204
310 120
311 310
312 96
313 312
314 156
315 144
316 156
317 316
318 104
319 280
320 128
321 212
322 132
323 288
324 108
325 240
326 162
327 216
328 160
329 276
330 80
331 330
332 164
333 216
334 166
335 264
336 96
337 336
338 156
339 224
340 128
341 300
342 108
343 294
344 168
345 176
346 172
347 346
348 112
349 348
350 120
351 216
352 160
353 352
354 116
355 280
356 176
357 192
358 178
359 358
360 96
361 342
362 180
363 220
364 144
365 288
366 120
367 366
368 176
369 240
370 144
371 312
372 120
373 372
374 160
375 200
376 184
377 336
378 108
379 378
380 144
381 252
382 190
383 382
384 128
385 240
386 192
387 252
388 192
389 388
390 96
391 352
392 168
393 260
394 196
395 312
396 120
397 396
398 198
399 216
400 160
401 400
402 132
403 360
404 200
405 216
406 168
407 360
408 128
409 408
410 160
411 272
412 204
413 348
414 132
415 328
416 192
417 276
418 180
419 418
420 96
421 420
422 210
423 276
424 208
425 320
426 140
427 360
428 212
429 240
430 168
431 430
432 144
433 432
434 180
435 224
436 216
437 396
438 144
439 438
440 160
441 252
442 192
443 442
444 144
445 352
446 222
447 296
448 192
449 448
450 120
451 400
452 224
453 300
454 226
455 288
456 144
457 456
458 228
459 288
460 176
461 460
462 120
463 462
464 224
465 240
466 232
467 466
468 144
469 396
470 184
471 312
472 232
473 420
474 156
475 360
476 192
477 312
478 238
479 478
480 128
481 432
482 240
483 264
484 220
485 384
486 162
487 486
488 240
489 324
490 168
491 490
492 160
493 448
494 216
495 240
496 240
497 420
498 164
499 498
500 200
501 332
502 250
503 502
504 144
505 400
506 220
507 312
508 252
509 508
510 128
511 432
512 256
513 324
514 256
515 408
516 168
517 460
518 216
519 344
520 192
521 520
522 168
523 522
524 260
525 240
526 262
527 480
528 160
529 506
530 208
531 348
532 216
533 480
534 176
535 424
536 264
537 356
538 268
539 420
540 144
541 540
542 270
543 360
544 256
545 432
546 144
547 546
548 272
549 360
550 200
551 504
552 176
553 468
554 276
555 288
556 276
557 556
558 180
559 504
560 192
561 320
562 280
563 562
564 184
565 448
566 282
567 324
568 280
569 568
570 144
571 570
572 240
573 380
574 240
575 440
576 192
577 576
578 272
579 384
580 224
581 492
582 192
583 520
584 288
585 288
586 292
587 586
588 168
589 540
590 232
591 392
592 288
593 592
594 180
595 384
596 296
597 396
598 264
599 598
600 160
601 600
602 252
603 396
604 300
605 440
606 200
607 606
608 288
609 336
610 240
611 552
612 192
613 612
614 306
615 320
616 240
617 616
618 204
619 618
620 240
621 396
622 310
623 528
624 192
625 500
626 312
627 360
628 312
629 576
630 144
631 630
632 312
633 420
634 316
635 504
636 208
637 504
638 280
639 420
640 256
641 640
642 212
643 642
644 264
645 336
646 288
647 646
648 216
649 580
650 240
651 360
652 324
653 652
654 216
655 520
656 320
657 432
658 276
659 658
660 160
661 660
662 330
663 384
664 328
665 432
666 216
667 616
668 332
669 444
670 264
671 600
672 192
673 672
674 336
675 360
676 312
677 676
678 224
679 576
680 256
681 452
682 300
683 682
684 216
685 544
686 294
687 456
688 336
689 624
690 176
691 690
692 344
693 360
694 346
695 552
696 224
697 640
698 348
699 464
700 240
701 700
702 216
703 648
704 320
705 368
706 352
707 600
708 232
709 708
710 280
711 468
712 352
713 660
714 192
715 480
716 356
717 476
718 358
719 718
720 192
721 612
722 342
723 480
724 360
725 560
726 220
727 726
728 288
729 486
730 288
731 672
732 240
733 732
734 366
735 336
736 352
737 660
738 240
739 738
740 288
741 432
742 312
743 742
744 240
745 592
746 372
747 492
748 320
749 636
750 200
751 750
752 368
753 500
754 336
755 600
756 216
757 756
758 378
759 440
760 288
761 760
762 252
763 648
764 380
765 384
766 382
767 696
768 256
769 768
770 240
771 512
772 384
773 772
774 252
775 600
776 384
777 432
778 388
779 720
780 192
781 700
782 352
783 504
784 336
785 624
786 260
787 786
788 392
789 524
790 312
791 672
792 240
793 720
794 396
795 416
796 396
797 796
798 216
799 736
800 320
801 528
802 400
803 720
804 264
805 528
806 360
807 536
808 400
809 808
810 216
811 810
812 336
813 540
814 360
815 648
816 256
817 756
818 408
819 432
820 320
821 820
822 272
823 822
824 408
825 400
826 348
827 826
828 264
829 828
830 328
831 552
832 384
833 672
834 276
835 664
836 360
837 540
838 418
839 838
840 192
841 812
842 420
843 560
844 420
845 624
846 276
847 660
848 416
849 564
850 320
851 792
852 280
853 852
854 360
855 432
856 424
857 856
858 240
859 858
860 336
861 480
862 430
863 862
864 288
865 688
866 432
867 544
868 360
869 780
870 224
871 792
872 432
873 576
874 396
875 600
876 288
877 876
878 438
879 584
880 320
881 880
882 252
883 882
884 384
885 464
886 442
887 886
888 288
889 756
890 352
891 540
892 444
893 828
894 296
895 712
896 384
897 528
898 448
899 840
900 240
901 832
902 400
903 504
904 448
905 720
906 300
907 906
908 452
909 600
910 288
911 910
912 288
913 820
914 456
915 480
916 456
917 780
918 288
919 918
920 352
921 612
922 460
923 840
924 240
925 720
926 462
927 612
928 448
929 928
930 240
931 756
932 464
933 620
934 466
935 640
936 288
937 936
938 396
939 624
940 368
941 940
942 312
943 880
944 464
945 432
946 420
947 946
948 312
949 864
950 360
951 632
952 384
953 952
954 312
955 760
956 476
957 560
958 478
959 816
960 256
961 930
962 432
963 636
964 480
965 768
966 264
967 966
968 440
969 576
970 384
971 970
972 324
973 828
974 486
975 480
976 480
977 976
978 324
979 880
980 336
981 648
982 490
983 982
984 320
985 784
986 448
987 552
988 432
989 924
990 240
991 990
992 480
993 660
994 420
995 792
996 328
997 996
998 498
999 648
1000 400
1001 720
1002 332
1003 928
1004 500
1005 528
1006 502
1007 936
1008 288
1009 1008
1010 400
1011 672
1012 440
1013 1012
1014 312
1015 672
1016 504
1017 672
1018 508
1019 1018
1020 256
1021 1020
1022 432
1023 600
1024 512
1025 800
1026 324
1027 936
1028 512
1029 588
1030 408
1031 1030
1032 336
1033 1032
1034 460
1035 528
1036 432
1037 960
1038 344
1039 1038
1040 384
1041 692
1042 520
1043 888
1044 336
1045 720
1046 522
1047 696
1048 520
1049 1048
1050 240
1051 1050
1052 524
1053 648
1054 480
1055 840
1056 320
1057 900
1058 506
1059 704
1060 416
1061 1060
1062 348
1063 1062
1064 432
1065 560
1066 480
1067 960
1068 352
1069 1068
1070 424
1071 576
1072 528
1073 1008
1074 356
1075 840
1076 536
1077 716
1078 420
1079 984
1080 288
1081 1012
1082 540
1083 684
1084 540
1085 720
1086 360
1087 1086
1088 512
1089 660
1090 432
1091 1090
1092 288
1093 1092
1094 546
1095 576
1096 544
1097 1096
1098 360
1099 936
1100 400
1101 732
1102 504
1103 1102
1104 352
1105 768
1106 468
1107 720
1108 552
1109 1108
1110 288
1111 1000
1112 552
1113 624
1114 556
1115 888
1116 360
1117 1116
1118 504
1119 744
1120 384
1121 1044
1122 320
1123 1122
1124 560
1125 600
1126 562
1127 924
1128 368
1129 1128
1130 448
1131 672
1132 564
1133 1020
1134 324
1135 904
1136 560
1137 756
1138 568
1139 1056
1140 288
1141 972
1142 570
1143 756
1144 480
1145 912
1146 380
1147 1080
1148 480
1149 764
1150 440
1151 1150
1152 384
1153 1152
1154 576
1155 480
1156 544
1157 1056
1158 384
1159 1080
1160 448
1161 756
1162 492
1163 1162
1164 384
1165 928
1166 520
1167 776
1168 576
1169 996
1170 288
1171 1170
1172 584
1173 704
1174 586
1175 920
1176 336
1177 1060
1178 540
1179 780
1180 464
1181 1180
1182 392
1183 936
1184 576
1185 624
1186 592
1187 1186
1188 360
1189 1120
1190 384
1191 792
1192 592
1193 1192
1194 396
1195 952
1196 528
1197 648
1198 598
1199 1080
1200 320
1201 1200
1202 600
1203 800
1204 504
1205 960
1206 396
1207 1120
1208 600
1209 720
1210 440
1211 1032
1212 400
1213 1212
1214 606
1215 648
1216 576
1217 1216
1218 336
1219 1144
1220 480
1221 720
1222 552
1223 1222
1224 384
1225 840
1226 612
1227 816
1228 612
1229 1228
1230 320
1231 1230
1232 480
1233 816
1234 616
1235 864
1236 408
1237 1236
1238 618
1239 696
1240 480
1241 1152
1242 396
1243 1120
1244 620
1245 656
1246 528
1247 1176
1248 384
1249 1248
1250 500
1251 828
1252 624
1253 1068
1254 360
1255 1000
1256 624
1257 836
1258 576
1259 1258
1260 288
1261 1152
1262 630
1263 840
1264 624
1265 880
1266 420
1267 1080
1268 632
1269 828
1270 504
1271 1200
1272 416
1273 1188
1274 504
1275 640
1276 560
1277 1276
1278 420
1279 1278
1280 512
1281 720
1282 640
1283 1282
1284 424
1285 1024
1286 642
1287 720
1288 528
1289 1288
1290 336
1291 1290
1292 576
1293 860
1294 646
1295 864
1296 432
1297 1296
1298 580
1299 864
1300 480
1301 1300
1302 360
1303 1302
1304 648
1305 672
1306 652
1307 1306
1308 432
1309 960
1310 520
1311 792
1312 640
1313 1200
1314 432
1315 1048
1316 552
1317 876
1318 658
1319 1318
1320 320
1321 1320
1322 660
1323 756
1324 660
1325 1040
1326 384
1327 1326
1328 656
1329 884
1330 432
1331 1210
1332 432
1333 1260
1334 616
1335 704
1336 664
1337 1140
1338 444
1339 1224
1340 528
1341 888
1342 600
1343 1248
1344 384
1345 1072
1346 672
1347 896
1348 672
1349 1260
1350 360
1351 1152
1352 624
1353 800
1354 676
1355 1080
1356 448
1357 1276
1358 576
1359 900
1360 512
1361 1360
1362 452
1363 1288
1364 600
1365 576
1366 682
1367 1366
1368 432
1369 1332
1370 544
1371 912
1372 588
1373 1372
1374 456
1375 1000
1376 672
1377 864
1378 624
1379 1176
1380 352
1381 1380
1382 690
1383 920
1384 688
1385 1104
1386 360
1387 1296
1388 692
1389 924
1390 552
1391 1272
1392 448
1393 1188
1394 640
1395 720
1396 696
1397 1260
1398 464
1399 1398
1400 480
1401 932
1402 700
1403 1320
1404 432
1405 1120
1406 648
1407 792
1408 640
1409 1408
1410 368
1411 1312
1412 704
1413 936
1414 600
1415 1128
1416 464
1417 1296
1418 708
1419 840
1420 560
1421 1176
1422 468
1423 1422
1424 704
1425 720
1426 660
1427 1426
1428 384
1429 1428
1430 480
1431 936
1432 712
1433 1432
1434 476
1435 960
1436 716
1437 956
1438 718
1439 1438
1440 384
1441 1300
1442 612
1443 864
1444 684
1445 1088
1446 480
1447 1446
1448 720
1449 792
1450 560
1451 1450
1452 440
1453 1452
1454 726
1455 768
1456 576
1457 1380
1458 486
1459 1458
1460 576
1461 972
1462 672
1463 1080
1464 480
1465 1168
1466 732
1467 972
1468 732
1469 1344
1470 336
1471 1470
1472 704
1473 980
1474 660
1475 1160
1476 480
1477 1260
1478 738
1479 896
1480 576
1481 1480
1482 432
1483 1482
1484 624
1485 720
1486 742
1487 1486
1488 480
1489 1488
1490 592
1491 840
1492 744
1493 1492
1494 492
1495 1056
1496 640
1497 996
1498 636
1499 1498
1500 400
1501 1404
1502 750
1503 996
1504 736
1505 1008
1506 500
1507 1360
1508 672
1509 1004
1510 600
1511 1510
1512 432
1513 1408
1514 756
1515 800
1516 756
1517 1440
1518 440
1519 1260
1520 576
1521 936
1522 760
1523 1522
1524 504
1525 1200
1526 648
1527 1016
1528 760
1529 1380
1530 384
1531 1530
1532 764
1533 864
1534 696
1535 1224
1536 512
1537 1456
1538 768
1539 972
1540 480
1541 1452
1542 512
1543 1542
1544 768
1545 816
1546 772
1547 1152
1548 504
1549 1548
1550 600
1551 920
1552 768
1553 1552
1554 432
1555 1240
1556 776
1557 1032
1558 720
1559 1558
1560 384
1561 1332
1562 700
1563 1040
1564 704
1565 1248
1566 504
1567 1566
1568 672
1569 1044
1570 624
1571 1570
1572 520
1573 1320
1574 786
1575 720
1576 784
1577 1476
1578 524
1579 1578
1580 624
1581 960
1582 672
1583 1582
1584 480
1585 1264
1586 720
1587 1012
1588 792
1589 1356
1590 416
1591 1512
1592 792
1593 1044
1594 796
1595 1120
1596 432
1597 1596
1598 736
1599 960
1600 640
1601 1600
1602 528
1603 1368
1604 800
1605 848
1606 720
1607 1606
1608 528
1609 1608
1610 528
1611 1068
1612 720
1613 1612
1614 536
1615 1152
1616 800
1617 840
1618 808
1619 1618
1620 432
1621 1620
1622 810
1623 1080
1624 672
1625 1200
1626 540
1627 1626
1628 720
1629 1080
1630 648
1631 1392
1632 512
1633 1540
1634 756
1635 864
1636 816
1637 1636
1638 432
1639 1480
1640 640
1641 1092
1642 820
1643 1560
1644 544
1645 1104
1646 822
1647 1080
1648 816
1649 1536
1650 400
1651 1512
1652 696
1653 1008
1654 826
1655 1320
1656 528
1657 1656
1658 828
1659 936
1660 656
1661 1500
1662 552
1663 1662
1664 768
1665 864
1666 672
1667 1666
1668 552
1669 1668
1670 664
1671 1112
1672 720
1673 1428
1674 540
1675 1320
1676 836
1677 1008
1678 838
1679 1584
1680 384
1681 1640
1682 812
1683 960
1684 840
1685 1344
1686 560
1687 1440
1688 840
1689 1124
1690 624
1691 1584
1692 552
1693 1692
1694 660
1695 896
1696 832
1697 1696
1698 564
1699 1698
1700 640
1701 972
1702 792
1703 1560
1704 560
1705 1200
1706 852
1707 1136
1708 720
1709 1708
1710 432
1711 1624
1712 848
1713 1140
1714 856
1715 1176
1716 480
1717 1600
1718 858
1719 1140
1720 672
1721 1720
1722 480
1723 1722
1724 860
1725 880
1726 862
1727 1560
1728 576
1729 1296
1730 688
1731 1152
1732 864
1733 1732
1734 544
1735 1384
1736 720
1737 1152
1738 780
1739 1656
1740 448
1741 1740
1742 792
1743 984
1744 864
1745 1392
1746 576
1747 1746
1748 792
1749 1040
1750 600
1751 1632
1752 576
1753 1752
1754 876
1755 864
1756 876
1757 1500
1758 584
1759 1758
1760 640
1761 1172
1762 880
1763 1680
1764 504
1765 1408
1766 882
1767 1080
1768 768
1769 1680
1770 464
1771 1320
1772 884
1773 1176
1774 886
1775 1400
1776 576
1777 1776
1778 756
1779 1184
1780 704
1781 1632
1782 540
1783 1782
1784 888
1785 768
1786 828
1787 1786
1788 592
1789 1788
1790 712
1791 1188
1792 768
1793 1620
1794 528
1795 1432
1796 896
1797 1196
1798 840
1799 1536
1800 480
1801 1800
1802 832
1803 1200
1804 800
1805 1368
1806 504
1807 1656
1808 896
1809 1188
1810 720
1811 1810
1812 600
1813 1512
1814 906
1815 880
1816 904
1817 1716
1818 600
1819 1696
1820 576
1821 1212
1822 910
1823 1822
1824 576
1825 1440
1826 820
1827 1008
1828 912
1829 1740
1830 480
1831 1830
1832 912
1833 1104
1834 780
1835 1464
1836 576
1837 1660
1838 918
1839 1224
1840 704
1841 1572
1842 612
1843 1728
1844 920
1845 960
1846 840
1847 1846
1848 480
1849 1806
1850 720
1851 1232
1852 924
1853 1728
1854 612
1855 1248
1856 896
1857 1236
1858 928
1859 1560
1860 480
1861 1860
1862 756
1863 1188
1864 928
1865 1488
1866 620
1867 1866
1868 932
1869 1056
1870 640
1871 1870
1872 576
1873 1872
1874 936
1875 1000
1876 792
1877 1876
1878 624
1879 1878
1880 736
1881 1080
1882 940
1883 1608
1884 624
1885 1344
1886 880
1887 1152
1888 928
1889 1888
1890 432
1891 1800
1892 840
1893 1260
1894 946
1895 1512
1896 624
1897 1620
1898 864
1899 1260
1900 720
1901 1900
1902 632
1903 1720
1904 768
1905 1008
1906 952
1907 1906
1908 624
1909 1804
1910 760
1911 1008
1912 952
1913 1912
1914 560
1915 1528
1916 956
1917 1260
1918 816
1919 1800
1920 512
1921 1792
1922 930
1923 1280
1924 864
1925 1200
1926 636
1927 1840
1928 960
1929 1284
1930 768
1931 1930
1932 528
1933 1932
1934 966
1935 1008
1936 880
1937 1776
1938 576
1939 1656
1940 768
1941 1292
1942 970
1943 1848
1944 648
1945 1552
1946 828
1947 1160
1948 972
1949 1948
1950 480
1951 1950
1952 960
1953 1080
1954 976
1955 1408
1956 648
1957 1836
1958 880
1959 1304
1960 672
1961 1872
1962 648
1963 1800
1964 980
1965 1040
1966 982
1967 1680
1968 640
1969 1780
1970 784
1971 1296
1972 896
1973 1972
1974 552
1975 1560
1976 864
1977 1316
1978 924
1979 1978
1980 480
1981 1692
1982 990
1983 1320
1984 960
1985 1584
1986 660
1987 1986
1988 840
1989 1152
1990 792
1991 1800
1992 656
1993 1992
1994 996
1995 864
1996 996
1997 1996
1998 648
1999 1998
2000 800
2001 1232
2002 720
2003 2002
2004 664
2005 1600
2006 928
2007 1332
2008 1000
2009 1680
2010 528
2011 2010
2012 1004
2013 1200
2014 936
2015 1440
2016 576
2017 2016
2018 1008
2019 1344
2020 800
2021 1932
2022 672
2023 1632
2024 880
2025 1080
2026 1012
2027 2026
2028 624
2029 2028
2030 672
2031 1352
2032 1008
2033 1908
2034 672
2035 1440
2036 1016
2037 1152
2038 1018
2039 2038
2040 512
2041 1872
2042 1020
2043 1356
2044 864
2045 1632
2046 600
2047 1936
2048 1024
2049 1364
2050 800
2051 1752
2052 648
2053 2052
2054 936
2055 1088
2056 1024
2057 1760
2058 588
2059 1960
2060 816
2061 1368
2062 1030
2063 2062
2064 672
2065 1392
2066 1032
2067 1248
2068 920
2069 2068
2070 528
2071 1944
2072 864
2073 1380
2074 960
2075 1640
2076 688
2077 1980
2078 1038
2079 1080
2080 768
2081 2080
2082 692
2083 2082
2084 1040
2085 1104
2086 888
2087 2086
2088 672
2089 2088
2090 720
2091 1280
2092 1044
2093 1584
2094 696
2095 1672
2096 1040
2097 1392
2098 1048
2099 2098
2100 480
2101 1900
2102 1050
2103 1400
2104 1048
2105 1680
2106 648
2107 1764
2108 960
2109 1296
2110 840
2111 2110
2112 640
2113 2112
2114 900
2115 1104
2116 1012
2117 2016
2118 704
2119 1944
2120 832
2121 1200
2122 1060
2123 1920
2124 696
2125 1600
2126 1062
2127 1416
2128 864
2129 2128
2130 560
2131 2130
2132 960
2133 1404
2134 960
2135 1440
2136 704
2137 2136
2138 1068
2139 1320
2140 848
2141 2140
2142 576
2143 2142
2144 1056
2145 960
2146 1008
2147 2016
2148 712
2149 1836
2150 840
2151 1428
2152 1072
2153 2152
2154 716
2155 1720
2156 840
2157 1436
2158 984
2159 2016
2160 576
2161 2160
2162 1012
2163 1224
2164 1080
2165 1728
2166 684
2167 1960
2168 1080
2169 1440
2170 720
2171 1992
2172 720
2173 2080
2174 1086
2175 1120
2176 1024
2177 1860
2178 660
2179 2178
2180 864
2181 1452
2182 1090
2183 2088
2184 576
2185 1584
2186 1092
2187 1458
2188 1092
2189 1980
2190 576
2191 1872
2192 1088
2193 1344
2194 1096
2195 1752
2196 720
2197 2028
2198 936
2199 1464
2200 800
2201 2100
2202 732
2203 2202
2204 1008
2205 1008
2206 1102
2207 2206
2208 704
2209 2162
2210 768
2211 1320
2212 936
2213 2212
2214 720
2215 1768
2216 1104
2217 1476
2218 1108
2219 1896
2220 576
2221 2220
2222 1000
2223 1296
2224 1104
2225 1760
2226 624
2227 2080
2228 1112
2229 1484
2230 888
2231 2112
2232 720
2233 1680
2234 1116
2235 1184
2236 1008
2237 2236
2238 744
2239 2238
2240 768
2241 1476
2242 1044
2243 2242
2244 640
2245 1792
2246 1122
2247 1272
2248 1120
2249 2064
2250 600
2251 2250
2252 1124
2253 1500
2254 924
2255 1600
2256 736
2257 2160
2258 1128
2259 1500
2260 896
2261 1728
2262 672
2263 2160
2264 1128
2265 1200
2266 1020
2267 2266
2268 648
2269 2268
2270 904
2271 1512
2272 1120
2273 2272
2274 756
2275 1440
2276 1136
2277 1320
2278 1056
2279 2184
2280 576
2281 2280
2282 972
2283 1520
2284 1140
2285 1824
2286 756
2287 2286
2288 960
2289 1296
2290 912
2291 2184
2292 760
2293 2292
2294 1080
2295 1152
2296 960
2297 2296
2298 764
2299 1980
2300 880
2301 1392
2302 1150
2303 1932
2304 768
2305 1840
2306 1152
2307 1536
2308 1152
2309 2308
2310 480
2311 2310
2312 1088
2313 1536
2314 1056
2315 1848
2316 768
2317 1980
2318 1080
2319 1544
2320 896
2321 2100
2322 756
2323 2200
2324 984
2325 1200
2326 1162
2327 2136
2328 768
2329 2176
2330 928
2331 1296
2332 1040
2333 2332
2334 776
2335 1864
2336 1152
2337 1440
2338 996
2339 2338
2340 576
2341 2340
2342 1170
2343 1400
2344 1168
2345 1584
2346 704
2347 2346
2348 1172
2349 1512
2350 920
2351 2350
2352 672
2353 2160
2354 1060
2355 1248
2356 1080
2357 2356
2358 780
2359 2016
2360 928
2361 1572
2362 1180
2363 2208
2364 784
2365 1680
2366 936
2367 1572
2368 1152
2369 2244
2370 624
2371 2370
2372 1184
2373 1344
2374 1186
2375 1800
2376 720
2377 2376
2378 1120
2379 1440
2380 768
2381 2380
2382 792
2383 2382
2384 1184
2385 1248
2386 1192
2387 1800
2388 792
2389 2388
2390 952
2391 1592
2392 1056
2393 2392
2394 648
2395 1912
2396 1196
2397 1472
2398 1080
2399 2398
2400 640
2401 2058
2402 1200
2403 1584
2404 1200
2405 1728
2406 800
2407 2296
2408 1008
2409 1440
2410 960
2411 2410
2412 792
2413 2268
2414 1120
2415 1056
2416 1200
2417 2416
2418 720
2419 2320
2420 880
2421 1608
2422 1032
2423 2422
2424 800
2425 1920
2426 1212
2427 1616
2428 1212
2429 2076
2430 648
2431 1920
2432 1152
2433 1620
2434 1216
2435 1944
2436 672
2437 2436
2438 1144
2439 1620
2440 960
2441 2440
2442 720
2443 2088
2444 1104
2445 1296
2446 1222
2447 2446
2448 768
2449 2340
2450 840
2451 1512
2452 1224
2453 2220
2454 816
2455 1960
2456 1224
2457 1296
2458 1228
2459 2458
2460 640
2461 2332
2462 1230
2463 1640
2464 960
2465 1792
2466 816
2467 2466
2468 1232
2469 1644
2470 864
2471 2112
2472 816
2473 2472
2474 1236
2475 1200
2476 1236
2477 2476
2478 696
2479 2376
2480 960
2481 1652
2482 1152
2483 2280
2484 792
2485 1680
2486 1120
2487 1656
2488 1240
2489 2340
2490 656
2491 2392
2492 1056
2493 1656
2494 1176
2495 1992
2496 768
2497 2260
2498 1248
2499 1344
2500 1000
2501 2400
2502 828
2503 2502
2504 1248
2505 1328
2506 1068
2507 2376
2508 720
2509 2304
2510 1000
2511 1620
2512 1248
2513 2148
2514 836
2515 2008
2516 1152
2517 1676
2518 1258
2519 2280
2520 576
2521 2520
2522 1152
2523 1624
2524 1260
2525 2000
2526 840
2527 2052
2528 1248
2529 1680
2530 880
2531 2530
2532 840
2533 2368
2534 1080
2535 1248
2536 1264
2537 2436
2538 828
2539 2538
2540 1008
2541 1320
2542 1200
2543 2542
2544 832
2545 2032
2546 1188
2547 1692
2548 1008
2549 2548
2550 640
2551 2550
2552 1120
2553 1584
2554 1276
2555 1728
2556 840
2557 2556
2558 1278
2559 1704
2560 1024
2561 2352
2562 720
2563 2320
2564 1280
2565 1296
2566 1282
2567 2400
2568 848
2569 2196
2570 1024
2571 1712
2572 1284
2573 2460
2574 720
2575 2040
2576 1056
2577 1716
2578 1288
2579 2578
2580 672
2581 2464
2582 1290
2583 1440
2584 1152
2585 1840
2586 860
2587 2376
2588 1292
2589 1724
2590 864
2591 2590
2592 864
2593 2592
2594 1296
2595 1376
2596 1160
2597 2184
2598 864
2599 2464
2600 960
2601 1632
2602 1300
2603 2448
2604 720
2605 2080
2606 1302
2607 1560
2608 1296
2609 2608
2610 672
2611 2232
2612 1304
2613 1584
2614 1306
2615 2088
2616 864
2617 2616
2618 960
2619 1728
2620 1040
2621 2620
2622 792
2623 2520
2624 1280
2625 1200
2626 1200
2627 2520
2628 864
2629 2380
2630 1048
2631 1752
2632 1104
2633 2632
2634 876
2635 1920
2636 1316
2637 1752
2638 1318
2639 2016
2640 640
2641 2484
2642 1320
2643 1760
2644 1320
2645 2024
2646 756
2647 2646
2648 1320
2649 1764
2650 1040
2651 2400
2652 768
2653 2268
2654 1326
2655 1392
2656 1312
2657 2656
2658 884
2659 2658
2660 864
2661 1772
2662 1210
2663 2662
2664 864
2665 1920
2666 1260
2667 1512
2668 1232
2669 2496
2670 704
2671 2670
2672 1328
2673 1620
2674 1140
2675 2120
2676 888
2677 2676
2678 1224
2679 1656
2680 1056
2681 2292
2682 888
2683 2682
2684 1200
2685 1424
2686 1248
2687 2686
2688 768
2689 2688
2690 1072
2691 1584
2692 1344
2693 2692
2694 896
2695 1680
2696 1344
2697 1680
2698 1260
2699 2698
2700 720
2701 2592
2702 1152
2703 1664
2704 1248
2705 2160
2706 800
2707 2706
2708 1352
2709 1512
2710 1080
2711 2710
2712 896
2713 2712
2714 1276
2715 1440
2716 1152
2717 2160
2718 900
2719 2718
2720 1024
2721 1812
2722 1360
2723 2328
2724 904
2725 2160
2726 1288
2727 1800
2728 1200
2729 2728
2730 576
2731 2730
2732 1364
2733 1820
2734 1366
2735 2184
2736 864
2737 2112
2738 1332
2739 1640
2740 1088
2741 2740
2742 912
2743 2520
2744 1176
2745 1440
2746 1372
2747 2640
2748 912
2749 2748
2750 1000
2751 1560
2752 1344
2753 2752
2754 864
2755 2016
2756 1248
2757 1836
2758 1176
2759 2640
2760 704
2761 2500
2762 1380
2763 1836
2764 1380
2765 1872
2766 920
2767 2766
2768 1376
2769 1680
2770 1104
2771 2592
2772 720
2773 2668
2774 1296
2775 1440
2776 1384
2777 2776
2778 924
2779 2376
2780 1104
2781 1836
2782 1272
2783 2420
2784 896
2785 2224
2786 1188
2787 1856
2788 1280
2789 2788
2790 720
2791 2790
2792 1392
2793 1512
2794 1260
2795 2016
2796 928
2797 2796
2798 1398
2799 1860
2800 960
2801 2800
2802 932
2803 2802
2804 1400
2805 1280
2806 1320
2807 2400
2808 864
2809 2756
2810 1120
2811 1872
2812 1296
2813 2688
2814 792
2815 2248
2816 1280
2817 1872
2818 1408
2819 2818
2820 736
2821 2160
2822 1312
2823 1880
2824 1408
2825 2240
2826 936
2827 2560
2828 1200
2829 1760
2830 1128
2831 2664
2832 928
2833 2832
2834 1296
2835 1296
2836 1416
2837 2836
2838 840
2839 2656
2840 1120
2841 1892
2842 1176
2843 2842
2844 936
2845 2272
2846 1422
2847 1728
2848 1408
2849 2160
2850 720
2851 2850
2852 1320
2853 1896
2854 1426
2855 2280
2856 768
2857 2856
2858 1428
2859 1904
2860 960
2861 2860
2862 936
2863 2448
2864 1424
2865 1520
2866 1432
2867 2760
2868 952
2869 2700
2870 960
2871 1680
2872 1432
2873 2496
2874 956
2875 2200
2876 1436
2877 1632
2878 1438
2879 2878
2880 768
2881 2772
2882 1300
2883 1860
2884 1224
2885 2304
2886 864
2887 2886
2888 1368
2889 1908
2890 1088
2891 2436
2892 960
2893 2620
2894 1446
2895 1536
2896 1440
2897 2896
2898 792
2899 2664
2900 1120
2901 1932
2902 1450
2903 2902
2904 880
2905 1968
2906 1452
2907 1728
2908 1452
2909 2908
2910 768
2911 2800
2912 1152
2913 1940
2914 1380
2915 2080
2916 972
2917 2916
2918 1458
2919 1656
2920 1152
2921 2772
2922 972
2923 2808
2924 1344
2925 1440
2926 1080
2927 2926
2928 960
2929 2800
2930 1168
2931 1952
2932 1464
2933 2508
2934 972
2935 2344
2936 1464
2937 1760
2938 1344
2939 2938
2940 672
2941 2752
2942 1470
2943 1944
2944 1408
2945 2160
2946 980
2947 2520
2948 1320
2949 1964
2950 1160
2951 2712
2952 960
2953 2952
2954 1260
2955 1568
2956 1476
2957 2956
2958 896
2959 2680
2960 1152
2961 1656
2962 1480
2963 2962
2964 864
2965 2368
2966 1482
2967 1848
2968 1248
2969 2968
2970 720
2971 2970
2972 1484
2973 1980
2974 1486
2975 1920
2976 960
2977 2736
2978 1488
2979 1980
2980 1184
2981 2700
2982 840
2983 2808
2984 1488
2985 1584
2986 1492
2987 2856
2988 984
2989 2520
2990 1056
2991 1992
2992 1280
2993 2880
2994 996
2995 2392
2996 1272
2997 1944
2998 1498
2999 2998
3000 800
3001 3000
3002 1404
3003 1440
3004 1500
3005 2400
3006 996
3007 2880
3008 1472
3009 1856
3010 1008
3011 3010
3012 1000
3013 2860
3014 1360
3015 1584
3016 1344
3017 2580
3018 1004
3019 3018
3020 1200
3021 1872
3022 1510
3023 3022
3024 864
3025 2200
3026 1408
3027 2016
3028 1512
3029 2784
3030 800
3031 2592
3032 1512
3033 2016
3034 1440
3035 2424
3036 880
3037 3036
3038 1260
3039 2024
3040 1152
3041 3040
3042 936
3043 2848
3044 1520
3045 1344
3046 1522
3047 2760
3048 1008
3049 3048
3050 1200
3051 2016
3052 1296
3053 2940
3054 1016
3055 2208
3056 1520
3057 2036
3058 1380
3059 2376
3060 768
3061 3060
3062 1530
3063 2040
3064 1528
3065 2448
3066 864
3067 3066
3068 1392
3069 1800
3070 1224
3071 2952
3072 1024
3073 2628
3074 1456
3075 1600
3076 1536
3077 2880
3078 972
3079 3078
3080 960
3081 1872
3082 1452
3083 3082
3084 1024
3085 2464
3086 1542
3087 1764
3088 1536
3089 3088
3090 816
3091 2800
3092 1544
3093 2060
3094 1152
3095 2472
3096 1008
3097 2916
3098 1548
3099 2064
3100 1200
3101 2652
3102 920
3103 2968
3104 1536
3105 1584
3106 1552
3107 2856
3108 864
3109 3108
3110 1240
3111 1920
3112 1552
3113 2820
3114 1032
3115 2112
3116 1440
3117 2076
3118 1558
3119 3118
3120 768
3121 3120
3122 1332
3123 2076
3124 1400
3125 2500
3126 1040
3127 3016
3128 1408
3129 1776
3130 1248
3131 3000
3132 1008
3133 2880
3134 1566
3135 1440
3136 1344
3137 3136
3138 1044
3139 3024
3140 1248
3141 2088
3142 1570
3143 2688
3144 1040
3145 2304
3146 1320
3147 2096
3148 1572
3149 3036
3150 720
3151 2992
3152 1568
3153 2100
3154 1476
3155 2520
3156 1048
3157 2400
3158 1578
3159 1944
3160 1248
3161 3024
3162 960
3163 3162
3164 1344
3165 1680
3166 1582
3167 3166
3168 960
3169 3168
3170 1264
3171 1800
3172 1440
3173 2988
3174 1012
3175 2520
3176 1584
3177 2112
3178 1356
3179 2720
3180 832
3181 3180
3182 1512
3183 2120
3184 1584
3185 2016
3186 1044
3187 3186
3188 1592
3189 2124
3190 1120
3191 3190
3192 864
3193 3060
3194 1596
3195 1680
3196 1472
3197 3036
3198 960
3199 2736
3200 1280
3201 1920
3202 1600
3203 3202
3204 1056
3205 2560
3206 1368
3207 2136
3208 1600
3209 3208
3210 848
3211 2808
3212 1440
3213 1728
3214 1606
3215 2568
3216 1056
3217 3216
3218 1608
3219 2016
3220 1056
3221 3220
3222 1068
3223 2920
3224 1440
3225 1680
3226 1612
3227 2760
3228 1072
3229 3228
3230 1152
3231 2148
3232 1600
3233 3120
3234 840
3235 2584
3236 1616
3237 1968
3238 1618
3239 3120
3240 864
3241 2772
3242 1620
3243 2024
3244 1620
3245 2320
3246 1080
3247 3040
3248 1344
3249 2052
3250 1200
3251 3250
3252 1080
3253 3252
3254 1626
3255 1440
3256 1440
3257 3256
3258 1080
3259 3258
3260 1296
3261 2172
3262 1392
3263 3000
3264 1024
3265 2608
3266 1540
3267 1980
3268 1512
3269 2796
3270 864
3271 3270
3272 1632
3273 2180
3274 1636
3275 2600
3276 864
3277 3136
3278 1480
3279 2184
3280 1280
3281 3072
3282 1092
3283 2772
3284 1640
3285 1728
3286 1560
3287 3096
3288 1088
3289 2640
3290 1104
3291 2192
3292 1644
3293 3168
3294 1080
3295 2632
3296 1632
3297 1872
3298 1536
3299 3298
3300 800
3301 3300
3302 1512
3303 2196
3304 1392
3305 2640
3306 1008
3307 3306
3308 1652
3309 2204
3310 1320
3311 2520
3312 1056
3313 3312
3314 1656
3315 1536
3316 1656
3317 3180
3318 936
3319 3318
3320 1312
3321 2160
3322 1500
3323 3322
3324 1104
3325 2160
3326 1662
3327 2216
3328 1536
3329 3328
3330 864
3331 3330
3332 1344
3333 2000
3334 1666
3335 2464
3336 1104
3337 3220
3338 1668
3339 1872
3340 1328
3341 3072
3342 1112
3343 3342
3344 1440
3345 1776
3346 1428
3347 3346
3348 1080
3349 3136
3350 1320
3351 2232
3352 1672
3353 2868
3354 1008
3355 2400
3356 1676
3357 2232
3358 1584
3359 3358
3360 768
3361 3360
3362 1640
3363 2088
3364 1624
3365 2688
3366 960
3367 2592
3368 1680
3369 2244
3370 1344
3371 3370
3372 1120
3373 3372
3374 1440
3375 1800
3376 1680
3377 3060
3378 1124
3379 3240
3380 1248
3381 1848
3382 1584
3383 3168
3384 1104
3385 2704
3386 1692
3387 2256
3388 1320
3389 3388
3390 896
3391 3390
3392 1664
3393 2016
3394 1696
3395 2304
3396 1128
3397 3276
3398 1698
3399 2040
3400 1280
3401 3204
3402 972
3403 3280
3404 1584
3405 1808
3406 1560
3407 3406
3408 1120
3409 2916
3410 1200
3411 2268
3412 1704
3413 3412
3414 1136
3415 2728
3416 1440
3417 2112
3418 1708
3419 3144
3420 864
3421 3100
3422 1624
3423 1944
3424 1696
3425 2720
3426 1140
3427 3256
3428 1712
3429 2268
3430 1176
3431 3312
3432 960
3433 3432
3434 1600
3435 1824
3436 1716
3437 2940
3438 1140
3439 3240
3440 1344
3441 2160
3442 1720
3443 3120
3444 960
3445 2496
3446 1722
3447 2292
3448 1720
3449 3448
3450 880
3451 2688
3452 1724
3453 2300
3454 1560
3455 2760
3456 1152
3457 3456
3458 1296
3459 2304
3460 1376
3461 3460
3462 1152
3463 3462
3464 1728
3465 1440
3466 1732
3467 3466
3468 1088
3469 3468
3470 1384
3471 2112
3472 1440
3473 3300
3474 1152
3475 2760
3476 1560
3477 2160
3478 1656
3479 2940
3480 896
3481 3422
3482 1740
3483 2268
3484 1584
3485 2560
3486 984
3487 3160
3488 1728
3489 2324
3490 1392
3491 3490
3492 1152
3493 2988
3494 1746
3495 1856
3496 1584
3497 3216
3498 1040
3499 3498
3500 1200
3501 2328
3502 1632
3503 3360
3504 1152
3505 2800
3506 1752
3507 1992
3508 1752
3509 3080
3510 864
3511 3510
3512 1752
3513 2340
3514 1500
3515 2592
3516 1168
3517 3516
3518 1758
3519 2112
3520 1280
3521 3012
3522 1172
3523 3240
3524 1760
3525 1840
3526 1680
3527 3526
3528 1008
3529 3528
3530 1408
3531 2120
3532 1764
3533 3532
3534 1080
3535 2400
3536 1536
3537 2340
3538 1680
3539 3538
3540 928
3541 3540
3542 1320
3543 2360
3544 1768
3545 2832
3546 1176
3547 3546
3548 1772
3549 1872
3550 1400
3551 3432
3552 1152
3553 2880
3554 1776
3555 1872
3556 1512
3557 3556
3558 1184
3559 3558
3560 1408
3561 2372
3562 1632
3563 3048
3564 1080
3565 2640
3566 1782
3567 2240
3568 1776
3569 3444
3570 768
3571 3570
3572 1656
3573 2376
3574 1786
3575 2400
3576 1184
3577 3024
3578 1788
3579 2384
3580 1424
3581 3580
3582 1188
3583 3582
3584 1536
3585 1904
3586 1620
3587 3360
3588 1056
3589 3456
3590 1432
3591 1944
3592 1792
3593 3592
3594 1196
3595 2872
3596 1680
3597 2160
3598 1536
3599 3480
3600 960
3601 3312
3602 1800
3603 2400
3604 1664
3605 2448
3606 1200
3607 3606
3608 1600
3609 2400
3610 1368
3611 3432
3612 1008
3613 3612
3614 1656
3615 1920
3616 1792
3617 3616
3618 1188
3619 2760
3620 1440
3621 2240
3622 1810
3623 3622
3624 1200
3625 2800
3626 1512
3627 2160
3628 1812
3629 3420
3630 880
3631 3630
3632 1808
3633 2064
3634 1716
3635 2904
3636 1200
3637 3636
3638 1696
3639 2424
3640 1152
3641 3300
3642 1212
3643 3642
3644 1820
3645 1944
3646 1822
3647 3120
3648 1152
3649 3520
3650 1440
3651 2432
3652 1640
3653 3360
3654 1008
3655 2688
3656 1824
3657 2288
3658 1740
3659 3658
3660 960
3661 3132
3662 1830
3663 2160
3664 1824
3665 2928
3666 1104
3667 3456
3668 1560
3669 2444
3670 1464
3671 3670
3672 1152
3673 3672
3674 1660
3675 1680
3676 1836
3677 3676
3678 1224
3679 3384
3680 1408
3681 2448
3682 1572
3683 3528
3684 1224
3685 2640
3686 1728
3687 2456
3688 1840
3689 2880
3690 960
3691 3690
3692 1680
3693 2460
3694 1846
3695 2952
3696 960
3697 3696
3698 1806
3699 2448
3700 1440
3701 3700
3702 1232
3703 3036
3704 1848
3705 1728
3706 1728
3707 3360
3708 1224
3709 3708
3710 1248
3711 2472
3712 1792
3713 3588
3714 1236
3715 2968
3716 1856
3717 2088
3718 1560
3719 3718
3720 960
3721 3660
3722 1860
3723 2304
3724 1512
3725 2960
3726 1188
3727 3726
3728 1856
3729 2240
3730 1488
3731 2880
3732 1240
3733 3732
3734 1866
3735 1968
3736 1864
3737 3600
3738 1056
3739 3738
3740 1280
3741 2352
3742 1870
3743 3528
3744 1152
3745 2544
3746 1872
3747 2496
3748 1872
3749 3564
3750 1000
3751 3300
3752 1584
3753 2484
3754 1876
3755 3000
3756 1248
3757 3264
3758 1878
3759 2136
3760 1472
3761 3760
3762 1080
3763 3640
3764 1880
3765 2000
3766 1608
3767 3766
3768 1248
3769 3768
3770 1344
3771 2508
3772 1760
3773 2940
3774 1152
3775 3000
3776 1856
3777 2516
3778 1888
3779 3778
3780 864
3781 3564
3782 1800
3783 2304
3784 1680
3785 3024
3786 1260
3787 3240
3788 1892
3789 2520
3790 1512
3791 3552
3792 1248
3793 3792
3794 1620
3795 1760
3796 1728
3797 3796
3798 1260
3799 3640
3800 1440
3801 2160
3802 1900
3803 3802
3804 1264
3805 3040
3806 1720
3807 2484
3808 1536
3809 3504
3810 1008
3811 3672
3812 1904
3813 2400
3814 1906
3815 2592
3816 1248
3817 3460
3818 1804
3819 2376
3820 1520
3821 3820
3822 1008
3823 3822
3824 1904
3825 1920
3826 1912
3827 3696
3828 1120
3829 3276
3830 1528
3831 2552
3832 1912
3833 3832
3834 1260
3835 2784
3836 1632
3837 2556
3838 1800
3839 3480
3840 1024
3841 3652
3842 1792
3843 2160
3844 1860
3845 3072
3846 1280
3847 3846
3848 1728
3849 2564
3850 1200
3851 3850
3852 1272
3853 3852
3854 1840
3855 2048
3856 1920
3857 3024
3858 1284
3859 3616
3860 1536
3861 2160
3862 1930
3863 3862
3864 1056
3865 3088
3866 1932
3867 2576
3868 1932
3869 3744
3870 1008
3871 3276
3872 1760
3873 2580
3874 1776
3875 3000
3876 1152
3877 3876
3878 1656
3879 2580
3880 1536
3881 3880
3882 1292
3883 3520
3884 1940
3885 1728
3886 1848
3887 3432
3888 1296
3889 3888
3890 1552
3891 2592
3892 1656
3893 3648
3894 1160
3895 2880
3896 1944
3897 2592
3898 1948
3899 3336
3900 960
3901 3772
3902 1950
3903 2600
3904 1920
3905 2800
3906 1080
3907 3906
3908 1952
3909 2604
3910 1408
3911 3910
3912 1296
3913 3024
3914 1836
3915 2016
3916 1760
3917 3916
3918 1304
3919 3918
3920 1344
3921 2612
3922 1872
3923 3922
3924 1296
3925 3120
3926 1800
3927 1920
3928 1960
3929 3928
3930 1040
3931 3930
3932 1964
3933 2376
3934 1680
3935 3144
3936 1280
3937 3780
3938 1780
3939 2400
3940 1568
3941 3372
3942 1296
3943 3942
3944 1792
3945 2096
3946 1972
3947 3946
3948 1104
3949 3580
3950 1560
3951 2628
3952 1728
3953 3828
3954 1316
3955 2688
3956 1848
3957 2636
3958 1978
3959 3816
3960 960
3961 3712
3962 1692
3963 2640
3964 1980
3965 2880
3966 1320
3967 3966
3968 1920
3969 2268
3970 1584
3971 3420
3972 1320
3973 3808
3974 1986
3975 2080
3976 1680
3977 3840
3978 1152
3979 3784
3980 1584
3981 2652
3982 1800
3983 3408
3984 1312
3985 3184
3986 1992
3987 2652
3988 1992
3989 3988
3990 864
3991 3672
3992 1992
3993 2420
3994 1996
3995 2944
3996 1296
3997 3420
3998 1998
3999 2520
4000 1600
4001 4000
4002 1232
4003 4002
4004 1440
4005 2112
4006 2002
4007 4006
4008 1328
4009 3780
4010 1600
4011 2280
4012 1856
4013 4012
4014 1332
4015 2880
4016 2000
4017 2448
4018 1680
4019 4018
4020 1056
4021 4020
4022 2010
4023 2664
4024 2008
4025 2640
4026 1200
4027 4026
4028 1872
4029 2496
4030 1440
4031 3864
4032 1152
4033 3888
4034 2016
4035 2144
4036 2016
4037 3660
4038 1344
4039 3456
4040 1600
4041 2688
4042 1932
4043 3720
4044 1344
4045 3232
4046 1632
4047 2520
4048 1760
4049 4048
4050 1080
4051 4050
4052 2024
4053 2304
4054 2026
4055 3240
4056 1248
4057 4056
4058 2028
4059 2400
4060 1344
4061 3900
4062 1352
4063 3808
4064 2016
4065 2160
4066 1908
4067 3444
4068 1344
4069 3744
4070 1440
4071 2552
4072 2032
4073 4072
4074 1152
4075 3240
4076 2036
4077 2700
4078 2038
4079 4078
4080 1024
4081 3120
4082 1872
4083 2720
4084 2040
4085 3024
4086 1356
4087 3960
4088 1728
4089 2576
4090 1632
4091 4090
4092 1200
4093 4092
4094 1936
4095 1728
4096 2048
4097 3840
4098 1364
4099 4098
4100 1600
4101 2732
4102 1752
4103 3720
4104 1296
4105 3280
4106 2052
4107 2664
4108 1872
4109 3516
4110 1088
4111 4110
4112 2048
4113 2736
4114 1760
4115 3288
4116 1176
4117 3916
4118 1960
4119 2744
4120 1632
4121 3792
4122 1368
4123 3240
4124 2060
4125 2000
4126 2062
4127 4126
4128 1344
4129 4128
4130 1392
4131 2592
4132 2064
4133 4132
4134 1248
4135 3304
4136 1840
4137 2352
4138 2068
4139 4138
4140 1056
4141 4000
4142 1944
4143 2760
4144 1728
4145 3312
4146 1380
4147 3360
4148 1920
4149 2760
4150 1640
4151 3552
4152 1376
4153 4152
4154 1980
4155 2208
4156 2076
4157 4156
4158 1080
4159 4158
4160 1536
4161 2592
4162 2080
4163 3960
4164 1384
4165 2688
4166 2082
4167 2772
4168 2080
4169 3780
4170 1104
4171 4032
4172 1776
4173 2544
4174 2086
4175 3320
4176 1344
4177 4176
4178 2088
4179 2376
4180 1440
4181 4032
4182 1280
4183 4048
4184 2088
4185 2160
4186 1584
4187 4056
4188 1392
4189 4060
4190 1672
4191 2520
4192 2080
4193 3588
4194 1392
4195 3352
4196 2096
4197 2796
4198 2098
4199 3456
4200 960
4201 4200
4202 1900
4203 2796
4204 2100
4205 3248
4206 1400
4207 3600
4208 2096
4209 2640
4210 1680
4211 4210
4212 1296
4213 3820
4214 1764
4215 2240
4216 1920
4217 4216
4218 1296
4219 4218
4220 1680
4221 2376
4222 2110
4223 4080
4224 1280
4225 3120
4226 2112
4227 2816
4228 1800
4229 4228
4230 1104
4231 4230
4232 2024
4233 2624
4234 2016
4235 2640
4236 1408
4237 3996
4238 1944
4239 2808
4240 1664
4241 4240
4242 1200
4243 4242
4244 2120
4245 2256
4246 1920
4247 4080
4248 1392
4249 3636
4250 1600
4251 2592
4252 2124
4253 4252
4254 1416
4255 3168
4256 1728
4257 2520
4258 2128
4259 4258
4260 1120
4261 4260
4262 2130
4263 2352
4264 1920
4265 3408
4266 1404
4267 4000
4268 1920
4269 2844
4270 1440
4271 4270
4272 1408
4273 4272
4274 2136
4275 2160
4276 2136
4277 3312
4278 1320
4279 3880
4280 1696
4281 2852
4282 2140
4283 4282
4284 1152
4285 3424
4286 2142
4287 2856
4288 2112
4289 4288
4290 960
4291 3672
4292 2016
4293 2808
4294 2016
4295 3432
4296 1424
4297 4296
4298 1836
4299 2864
4300 1680
4301 3520
4302 1428
4303 3960
4304 2144
4305 1920
4306 2152
4307 4176
4308 1432
4309 4140
4310 1720
4311 2868
4312 1680
4313 4068
4314 1436
4315 3448
4316 1968
4317 2876
4318 2016
4319 3696
4320 1152
4321 4144
4322 2160
4323 2600
4324 2024
4325 3440
4326 1224
4327 4326
4328 2160
4329 2592
4330 1728
4331 4200
4332 1368
4333 3708
4334 1960
4335 2176
4336 2160
4337 4336
4338 1440
4339 4338
4340 1440
4341 2892
4342 1992
4343 4200
4344 1440
4345 3120
4346 2080
4347 2376
4348 2172
4349 4348
4350 1120
4351 4104
4352 2048
4353 2900
4354 1860
4355 3168
4356 1320
4357 4356
4358 2178
4359 2904
4360 1728
4361 3696
4362 1452
4363 4362
4364 2180
4365 2304
4366 2088
4367 3960
4368 1152
4369 4096
4370 1584
4371 2760
4372 2184
4373 4372
4374 1458
4375 3000
4376 2184
4377 2916
4378 1980
4379 4200
4380 1152
4381 4032
4382 1872
4383 2916
4384 2176
4385 3504
4386 1344
4387 4240
4388 2192
4389 2160
4390 1752
4391 4390
4392 1440
4393 4180
4394 2028
4395 2336
4396 1872
4397 4396
4398 1464
4399 4264
4400 1600
4401 2916
4402 2100
4403 3456
4404 1464
4405 3520
4406 2202
4407 2688
4408 2016
4409 4408
4410 1008
4411 4000
4412 2204
4413 2940
4414 2206
4415 3528
4416 1408
4417 3780
4418 2162
4419 2940
4420 1536
4421 4420
4422 1320
4423 4422
4424 1872
4425 2320
4426 2212
4427 4176
4428 1440
4429 4284
4430 1768
4431 2520
4432 2208
4433 3600
4434 1476
4435 3544
4436 2216
4437 2688
4438 1896
4439 4224
4440 1152
4441 4440
4442 2220
4443 2960
4444 2000
4445 3024
4446 1296
4447 4446
4448 2208
4449 2964
4450 1760
4451 4450
4452 1248
4453 4320
4454 2080
4455 2160
4456 2224
4457 4456
4458 1484
4459 3528
4460 1776
4461 2972
4462 2112
4463 4462
4464 1440
4465 3312
4466 1680
4467 2976
4468 2232
4469 4320
4470 1184
4471 4192
4472 2016
4473 2520
4474 2236
4475 3560
4476 1488
4477 3960
4478 2238
4479 2984
4480 1536
4481 4480
4482 1476
4483 4482
4484 2088
4485 2112
4486 2242
4487 3840
4488 1280
4489 4422
4490 1792
4491 2988
4492 2244
4493 4492
4494 1272
4495 3360
4496 2240
4497 2996
4498 2064
4499 4080
4500 1200
4501 3852
4502 2250
4503 2808
4504 2248
4505 3328
4506 1500
4507 4506
4508 1848
4509 2988
4510 1600
4511 4152
4512 1472
4513 4512
4514 2160
4515 2016
4516 2256
4517 4516
4518 1500
4519 4518
4520 1792
4521 2720
4522 1728
4523 4522
4524 1344
4525 3600
4526 2160
4527 3012
4528 2256
4529 3876
4530 1200
4531 4312
4532 2040
4533 3020
4534 2266
4535 3624
4536 1296
4537 4176
4538 2268
4539 2816
4540 1808
4541 4284
4542 1512
4543 3480
4544 2240
4545 2400
4546 2272
4547 4546
4548 1512
4549 4548
4550 1440
4551 2880
4552 2272
4553 4368
4554 1320
4555 3640
4556 2112
4557 2520
4558 2184
4559 4416
4560 1152
4561 4560
4562 2280
4563 2808
4564 1944
4565 3280
4566 1520
4567 4566
4568 2280
4569 3044
4570 1824
4571 3912
4572 1512
4573 4288
4574 2286
4575 2400
4576 1920
4577 4356
4578 1296
4579 4320
4580 1824
4581 3048
4582 2184
4583 4582
4584 1520
4585 3120
4586 2292
4587 2760
4588 2160
4589 4224
4590 1152
4591 4590
4592 1920
4593 3060
4594 2296
4595 3672
4596 1528
4597 4596
4598 1980
4599 2592
4600 1760
4601 4452
4602 1392
4603 4602
4604 2300
4605 2448
4606 1932
4607 4320
4608 1536
4609 4180
4610 1840
4611 2912
4612 2304
4613 3948
4614 1536
4615 3360
4616 2304
4617 2916
4618 2308
4619 4440
4620 960
4621 4620
4622 2310
4623 2904
4624 2176
4625 3600
4626 1536
4627 3960
4628 2112
4629 3084
4630 1848
4631 4200
4632 1536
4633 4480
4634 1980
4635 2448
4636 2160
4637 4636
4638 1544
4639 4638
4640 1792
4641 2304
4642 2100
4643 4642
4644 1512
4645 3712
4646 2200
4647 3096
4648 1968
4649 4648
4650 1200
4651 4650
4652 2324
4653 2760
4654 2136
4655 3024
4656 1536
4657 4656
4658 2176
4659 3104
4660 1856
4661 4524
4662 1296
4663 4662
4664 2080
4665 2480
4666 2332
4667 4296
4668 1552
4669 3696
4670 1864
4671 3096
4672 2304
4673 4672
4674 1440
4675 3200
4676 1992
4677 3116
4678 2338
4679 4678
4680 1152
4681 4500
4682 2340
4683 2664
4684 2340
4685 3744
4686 1400
4687 4536
4688 2336
4689 3120
4690 1584
4691 4690
4692 1408
4693 4104
4694 2346
4695 2496
4696 2344
4697 3600
4698 1512
4699 4536
4700 1840
4701 3132
4702 2350
4703 4702
4704 1344
4705 3760
4706 2160
4707 3132
4708 2120
4709 4416
4710 1248
4711 4032
4712 2160
4713 3140
4714 2356
4715 3520
4716 1560
4717 4576
4718 2016
4719 2640
4720 1856
4721 4720
4722 1572
4723 4722
4724 2360
4725 2160
4726 2208
4727 4536
4728 1568
4729 4728
4730 1680
4731 2952
4732 1872
4733 4732
4734 1572
4735 3784
4736 2304
4737 3156
4738 2244
4739 4056
4740 1248
4741 4300
4742 2370
4743 2880
4744 2368
4745 3456
4746 1344
4747 4600
4748 2372
4749 3164
4750 1800
4751 4750
4752 1440
4753 4032
4754 2376
4755 2528
4756 2240
4757 4620
4758 1440
4759 4758
4760 1536
4761 3036
4762 2380
4763 4320
4764 1584
4765 3808
4766 2382
4767 2712
4768 2368
4769 4500
4770 1248
4771 4392
4772 2384
4773 3024
4774 1800
4775 3800
4776 1584
4777 4480
4778 2388
4779 3132
4780 1904
4781 4092
4782 1592
4783 4782
4784 2112
4785 2240
4786 2392
4787 4786
4788 1296
4789 4788
4790 1912
4791 3192
4792 2392
4793 4792
4794 1472
4795 3264
4796 2160
4797 2880
4798 2398
4799 4798
4800 1280
4801 4800
4802 2058
4803 3200
4804 2400
4805 3720
4806 1584
4807 3960
4808 2400
4809 2736
4810 1728
4811 4512
4812 1600
4813 4812
4814 2296
4815 2544
4816 2016
4817 4816
4818 1440
4819 4680
4820 1920
4821 3212
4822 2410
4823 3744
4824 1584
4825 3840
4826 2268
4827 3216
4828 2240
4829 4380
4830 1056
4831 4830
4832 2400
4833 3204
4834 2416
4835 3864
4836 1440
4837 4140
4838 2320
4839 3224
4840 1760
4841 4692
4842 1608
4843 4648
4844 2064
4845 2304
4846 2422
4847 4680
4848 1600
4849 4464
4850 1920
4851 2520
4852 2424
4853 4620
4854 1616
4855 3880
4856 2424
4857 3236
4858 2076
4859 4704
4860 1296
4861 4860
4862 1920
4863 3240
4864 2304
4865 3312
4866 1620
4867 4680
4868 2432
4869 3240
4870 1944
4871 4870
4872 1344
4873 4420
4874 2436
4875 2400
4876 2288
4877 4876
4878 1620
4879 3840
4880 1920
4881 3252
4882 2440
4883 4608
4884 1440
4885 3904
4886 2088
4887 3240
4888 2208
4889 4888
4890 1296
4891 4752
4892 2444
4893 2784
4894 2446
4895 3520
4896 1536
4897 4756
4898 2340
4899 3080
4900 1680
4901 4368
4902 1512
4903 4902
4904 2448
4905 2592
4906 2220
4907 4200
4908 1632
4909 4908
4910 1960
4911 3272
4912 2448
4913 4624
4914 1296
4915 3928
4916 2456
4917 2960
4918 2458
4919 4918
4920 1280
4921 3888
4922 2332
4923 3276
4924 2460
4925 3920
4926 1640
4927 4536
4928 1920
4929 3120
4930 1792
4931 4930
4932 1632
4933 4932
4934 2466
4935 2208
4936 2464
4937 4936
4938 1644
4939 4480
4940 1728
4941 3240
4942 2112
4943 4942
4944 1632
4945 3696
4946 2472
4947 3072
4948 2472
4949 4200
4950 1200
4951 4950
4952 2472
4953 3024
4954 2476
4955 3960
4956 1392
4957 4956
4958 2376
4959 3024
4960 1920
4961 4400
4962 1652
4963 4248
4964 2304
4965 2640
4966 2280
4967 4966
4968 1584
4969 4968
4970 1680
4971 3312
4972 2240
4973 4972
4974 1656
4975 3960
4976 2480
4977 2808
4978 2340
4979 4584
4980 1312
4981 4672
4982 2392
4983 3000
4984 2112
4985 3984
4986 1656
4987 4986
4988 2352
4989 3324
4990 1992
4991 3960
4992 1536
4993 4992
4994 2260
4995 2592
4996 2496
4997 4716
4998 1344
4999 4998
5000 2000
5001 3332
5002 2400
5003 5002
5004 1656
5005 2880
5006 2502
5007 3336
5008 2496
5009 5008
5010 1328
5011 5010
5012 2136
5013 3336
5014 2376
5015 3712
5016 1440
5017 4816
5018 2304
5019 2856
5020 2000
5021 5020
5022 1620
5023 5022
5024 2496
5025 2640
5026 2148
5027 4560
5028 1672
5029 4876
5030 2008
5031 3024
5032 2304
5033 4308
5034 1676
5035 3744
5036 2516
5037 3168
5038 2280
5039 5038
5040 1152
5041 4970
5042 2520
5043 3280
5044 2304
5045 4032
5046 1624
5047 4284
5048 2520
5049 2880
5050 2000
5051 5050
5052 1680
5053 4860
5054 2052
5055 2688
5056 2496
5057 4656
5058 1680
5059 5058
5060 1760
5061 2880
5062 2530
5063 4920
5064 1680
5065 4048
5066 2368
5067 3372
5068 2160
5069 4896
5070 1248
5071 4600
5072 2528
5073 3168
5074 2436
5075 3360
5076 1656
5077 5076
5078 2538
5079 3384
5080 2016
5081 5080
5082 1320
5083 4224
5084 2400
5085 2688
5086 2542
5087 5086
5088 1664
5089 4356
5090 2032
5091 3392
5092 2376
5093 4620
5094 1692
5095 4072
5096 2016
5097 3396
5098 2548
5099 5098
5100 1280
5101 5100
5102 2550
5103 2916
5104 2240
5105 4080
5106 1584
5107 5106
5108 2552
5109 3120
5110 1728
5111 4824
5112 1680
5113 5112
5114 2556
5115 2400
5116 2556
5117 4032
5118 1704
5119 5118
5120 2048
5121 3408
5122 2352
5123 4968
5124 1440
5125 4000
5126 2320
5127 3416
5128 2560
5129 4884
5130 1296
5131 4392
5132 2564
5133 3248
5134 2400
5135 3744
5136 1696
5137 4660
5138 2196
5139 3420
5140 2048
5141 4992
5142 1712
5143 4968
5144 2568
5145 2352
5146 2460
5147 5146
5148 1440
5149 4860
5150 2040
5151 3200
5152 2112
5153 5152
5154 1716
5155 4120
5156 2576
5157 3420
5158 2578
5159 3960
5160 1344
5161 4752
5162 2464
5163 3440
5164 2580
5165 4128
5166 1440
5167 5166
5168 2304
5169 3444
5170 1840
5171 5170
5172 1720
5173 4428
5174 2376
5175 2640
5176 2584
5177 4980
5178 1724
5179 5178
5180 1728
5181 3120
5182 2590
5183 5040
5184 1728
5185 3840
5186 2592
5187 2592
5188 2592
5189 5188
5190 1376
5191 4984
5192 2320
5193 3456
5194 2184
5195 4152
5196 1728
5197 5196
5198 2464
5199 3464
5200 1920
5201 4452
5202 1632
5203 4620
5204 2600
5205 2768
5206 2448
5207 5040
5208 1440
5209 5208
5210 2080
5211 3456
5212 2604
5213 4800
5214 1560
5215 3552
5216 2592
5217 3312
5218 2608
5219 4896
5220 1344
5221 4972
5222 2232
5223 3480
5224 2608
5225 3600
5226 1584
5227 5226
5228 2612
5229 2952
5230 2088
5231 5230
5232 1728
5233 5232
5234 2616
5235 2784
5236 1920
5237 5236
5238 1728
5239 4680
5240 2080
5241 3492
5242 2620
5243 4452
5244 1584
5245 4192
5246 2520
5247 3120
5248 2560
5249 5040
5250 1200
5251 5104
5252 2400
5253 3264
5254 2520
5255 4200
5256 1728
5257 4500
5258 2380
5259 3504
5260 2096
5261 5260
5262 1752
5263 4968
5264 2208
5265 2592
5266 2632
5267 5016
5268 1752
5269 4780
5270 1920
5271 3000
5272 2632
5273 5272
5274 1752
5275 4200
5276 2636
5277 3516
5278 2016
5279 5278
5280 1280
5281 5280
5282 2484
5283 3516
5284 2640
5285 3600
5286 1760
5287 4960
5288 2640
5289 3360
5290 2024
5291 4320
5292 1512
5293 5148
5294 2646
5295 2816
5296 2640
5297 5296
5298 1764
5299 4536
5300 2080
5301 3240
5302 2400
5303 5302
5304 1536
5305 4240
5306 2268
5307 3360
5308 2652
5309 5308
5310 1392
5311 5152
5312 2624
5313 2640
5314 2656
5315 4248
5316 1768
5317 4896
5318 2658
5319 3528
5320 1728
5321 4992
5322 1772
5323 5322
5324 2420
5325 2800
5326 2662
5327 4560
5328 1728
5329 5256
5330 1920
5331 3552
5332 2520
5333 5332
5334 1512
5335 3840
5336 2464
5337 3552
5338 2496
5339 5040
5340 1408
5341 4536
5342 2670
5343 3264
5344 2656
5345 4272
5346 1620
5347 5346
5348 2280
5349 3564
5350 2120
5351 5350
5352 1776
5353 5200
5354 2676
5355 2304
5356 2448
5357 4860
5358 1656
5359 5104
5360 2112
5361 3572
5362 2292
5363 5160
5364 1776
5365 4032
5366 2682
5367 3576
5368 2400
5369 4176
5370 1424
5371 5200
5372 2496
5373 3564
5374 2686
5375 4200
5376 1536
5377 5076
5378 2688
5379 3240
5380 2144
5381 5380
5382 1584
5383 4608
5384 2688
5385 2864
5386 2692
5387 5386
5388 1792
5389 5056
5390 1680
5391 3588
5392 2688
5393 5392
5394 1680
5395 3936
5396 2520
5397 3072
5398 2698
5399 5398
5400 1440
5401 4900
5402 2592
5403 3600
5404 2304
5405 4048
5406 1664
5407 5406
5408 2496
5409 3600
5410 2160
5411 4632
5412 1600
5413 5412
5414 2706
5415 2736
5416 2704
5417 5416
5418 1512
5419 5418
5420 2160
5421 3312
5422 2710
5423 4480
5424 1792
5425 3600
5426 2712
5427 3564
5428 2552
5429 5280
5430 1440
5431 5430
5432 2304
5433 3620
5434 2160
5435 4344
5436 1800
5437 5436
5438 2718
5439 3024
5440 2048
5441 5440
5442 1812
5443 5442
5444 2720
5445 2640
5446 2328
5447 5016
5448 1808
5449 5448
5450 2160
5451 3432
5452 2576
5453 4320
5454 1800
5455 4360
5456 2400
5457 3392
5458 2728
5459 5304
5460 1152
5461 5292
5462 2730
5463 3636
5464 2728
5465 4368
5466 1820
5467 4200
5468 2732
5469 3644
5470 2184
5471 5470
5472 1728
5473 5040
5474 2112
5475 2880
5476 2664
5477 5476
5478 1640
5479 5478
5480 2176
5481 3024
5482 2740
5483 5482
5484 1824
5485 4384
5486 2520
5487 3480
5488 2352
5489 4980
5490 1440
5491 4896
5492 2744
5493 3660
5494 2640
5495 3744
5496 1824
5497 5236
5498 2748
5499 3312
5500 2000
5501 5500
5502 1560
5503 5502
5504 2688
5505 2928
5506 2752
5507 5506
5508 1728
5509 4716
5510 2016
5511 3320
5512 2496
5513 5328
5514 1836
5515 4408
5516 2352
5517 3672
5518 2640
5519 5518
5520 1408
5521 5520
5522 2500
5523 3144
5524 2760
5525 3840
5526 1836
5527 5526
5528 2760
5529 3456
5530 1872
5531 5530
5532 1840
5533 5020
5534 2766
5535 2880
5536 2752
5537 4704
5538 1680
5539 5320
5540 2208
5541 3692
5542 2592
5543 5280
5544 1440
5545 4432
5546 2668
5547 3612
5548 2592
5549 5340
5550 1440
5551 4320
5552 2768
5553 3696
5554 2776
5555 4000
5556 1848
5557 5556
5558 2376
5559 3456
5560 2208
5561 5412
5562 1836
5563 5562
5564 2544
5565 2496
5566 2420
5567 5256
5568 1792
5569 5568
5570 2224
5571 3708
5572 2376
5573 5572
5574 1856
5575 4440
5576 2560
5577 3120
5578 2788
5579 4776
5580 1440
5581 5580
5582 2790
5583 3720
5584 2784
5585 4464
5586 1512
5587 5400
5588 2520
5589 3564
5590 2016
5591 5590
5592 1856
5593 4416
5594 2796
5595 2976
5596 2796
5597 5376
5598 1860
5599 5080
5600 1920
5601 3732
5602 2800
5603 5160
5604 1864
5605 4176
5606 2802
5607 3168
5608 2800
5609 5460
5610 1280
5611 5400
5612 2640
5613 3740
5614 2400
5615 4488
5616 1728
5617 5440
5618 2756
5619 3744
5620 2240
5621 4320
5622 1872
5623 5622
5624 2592
5625 3000
5626 2688
5627 5280
5628 1584
5629 5184
5630 2248
5631 3752
5632 2560
5633 5460
5634 1872
5635 3696
5636 2816
5637 3756
5638 2818
5639 5638
5640 1472
5641 5640
5642 2160
5643 3240
5644 2624
5645 4512
5646 1880
5647 5646
5648 2816
5649 3216
5650 2240
5651 5650
5652 1872
5653 5652
5654 2560
5655 2688
5656 2400
5657 5656
5658 1760
5659 5658
5660 2256
5661 3456
5662 2664
5663 4848
5664 1856
5665 4080
5666 2832
5667 3776
5668 2592
5669 5668
5670 1296
5671 5512
5672 2832
5673 3600
5674 2836
5675 4520
5676 1680
5677 4860
5678 2656
5679 3780
5680 2240
5681 4752
5682 1892
5683 5682
5684 2352
5685 3024
5686 2842
5687 5060
5688 1872
5689 5688
5690 2272
5691 3240
5692 2844
5693 5692
5694 1728
5695 4224
5696 2816
5697 3780
5698 2160
5699 5520
5700 1440
5701 5700
5702 2850
5703 3800
5704 2640
5705 3888
5706 1896
5707 5256
5708 2852
5709 3440
5710 2280
5711 5710
5712 1536
5713 5488
5714 2856
5715 3024
5716 2856
5717 5716
5718 1904
5719 4536
5720 1920
5721 3812
5722 2860
5723 5568
5724 1872
5725 4560
5726 2448
5727 3608
5728 2848
5729 5376
5730 1520
5731 5200
5732 2864
5733 3024
5734 2760
5735 4320
5736 1904
5737 5736
5738 2700
5739 3824
5740 1920
5741 5740
5742 1680
5743 5742
5744 2864
5745 3056
5746 2496
5747 4920
5748 1912
5749 5748
5750 2200
5751 3780
5752 2872
5753 5220
5754 1632
5755 4600
5756 2876
5757 3600
5758 2878
5759 5304
5760 1536
5761 4932
5762 2772
5763 3584
5764 2600
5765 4608
5766 1860
5767 5616
5768 2448
5769 3840
5770 2304
5771 5544
5772 1728
5773 5500
5774 2886
5775 2400
5776 2736
5777 5616
5778 1908
5779 5778
5780 2176
5781 3680
5782 2436
5783 5782
5784 1920
5785 4224
5786 2620
5787 3852
5788 2892
5789 4956
5790 1536
5791 5790
5792 2880
5793 3860
5794 2896
5795 4320
5796 1584
5797 4800
5798 2664
5799 3864
5800 2240
5801 5800
5802 1932
5803 4968
5804 2900
5805 3024
5806 2902
5807 5806
5808 1760
5809 5616
5810 1968
5811 3552
5812 2904
5813 5812
5814 1728
5815 4648
5816 2904
5817 3312
5818 2908
5819 5060
5820 1536
5821 5820
5822 2800
5823 3876
5824 2304
5825 4640
5826 1940
5827 5826
5828 2760
5829 3696
5830 2080
5831 4704
5832 1944
5833 5508
5834 2916
5835 3104
5836 2916
5837 5376
5838 1656
5839 5838
5840 2304
5841 3480
5842 2772
5843 5842
5844 1944
5845 3984
5846 2808
5847 3896
5848 2688
5849 5848
5850 1440
5851 5850
5852 2160
5853 3900
5854 2926
5855 4680
5856 1920
5857 5856
5858 2800
5859 3240
5860 2336
5861 5860
5862 1952
5863 4800
5864 2928
5865 2816
5866 2508
5867 5866
5868 1944
5869 5868
5870 2344
5871 3672
5872 2928
5873 5028
5874 1760
5875 4600
5876 2688
5877 3912
5878 2938
5879 5878
5880 1344
5881 5880
5882 2752
5883 3744
5884 2940
5885 4240
5886 1944
5887 4872
5888 2816
5889 3600
5890 2160
5891 5712
5892 1960
5893 5740
5894 2520
5895 3120
5896 2640
5897 5896
5898 1964
5899 5536
5900 2320
5901 3360
5902 2712
5903 5902
5904 1920
5905 4720
5906 2952
5907 3560
5908 2520
5909 5580
5910 1568
5911 5632
5912 2952
5913 3888
5914 2956
5915 3744
5916 1792
5917 5760
5918 2680
5919 3944
5920 2304
5921 5700
5922 1656
5923 5922
5924 2960
5925 3120
5926 2962
5927 5926
5928 1728
5929 4620
5930 2368
5931 3948
5932 2964
5933 5568
5934 1848
5935 4744
5936 2496
5937 3956
5938 2968
5939 5938
5940 1440
5941 5472
5942 2970
5943 3384
5944 2968
5945 4480
5946 1980
5947 5616
5948 2972
5949 3960
5950 1920
5951 5400
5952 1920
5953 5952
5954 2736
5955 3168
5956 2976
5957 4752
5958 1980
5959 5800
5960 2368
5961 3972
5962 2700
5963 5808
5964 1680
5965 4768
5966 2808
5967 3456
5968 2976
5969 5796
5970 1584
5971 5112
5972 2984
5973 3600
5974 2856
5975 4760
5976 1968
5977 5796
5978 2520
5979 3984
5980 2112
5981 5980
5982 1992
5983 5760
5984 2560
5985 2592
5986 2880
5987 5986
5988 1992
5989 5824
5990 2392
5991 3992
5992 2544
5993 5520
5994 1944
5995 4320
5996 2996
5997 3996
5998 2998
5999 5136
6000 1600
6001 5632
6002 3000
6003 3696
6004 2808
6005 4800
6006 1440
6007 6006
6008 3000
6009 4004
6010 2400
6011 6010
6012 1992
6013 5148
6014 2880
6015 3200
6016 2944
6017 5460
6018 1856
6019 5544
6020 2016
6021 3996
6022 3010
6023 5688
6024 2000
6025 4800
6026 2860
6027 3360
6028 2720
6029 6028
6030 1584
6031 5832
6032 2688
6033 4020
6034 2580
6035 4480
6036 2008
6037 6036
6038 3018
6039 3600
6040 2400
6041 5172
6042 1872
6043 6042
6044 3020
6045 2880
6046 3022
6047 6046
6048 1728
6049 5764
6050 2200
6051 4032
6052 2816
6053 6052
6054 2016
6055 4128
6056 3024
6057 4032
6058 2784
6059 5904
6060 1600
6061 5040
6062 2592
6063 3864
6064 3024
6065 4848
6066 2016
6067 6066
6068 2880
6069 3264
6070 2424
6071 5592
6072 1760
6073 6072
6074 3036
6075 3240
6076 2520
6077 5916
6078 2024
6079 6078
6080 2304
6081 4052
6082 3040
6083 4680
6084 1872
6085 4864
6086 2848
6087 4056
6088 3040
6089 6088
6090 1344
6091 6090
6092 3044
6093 4056
6094 2760
6095 4576
6096 2016
6097 4752
6098 3048
6099 3816
6100 2400
6101 6100
6102 2016
6103 5728
6104 2592
6105 2880
6106 2940
6107 5880
6108 2032
6109 5920
6110 2208
6111 3456
6112 3040
6113 6112
6114 2036
6115 4888
6116 2760
6117 4076
6118 2376
6119 5880
6120 1536
6121 6120
6122 3060
6123 3744
6124 3060
6125 4200
6126 2040
6127 5560
6128 3056
6129 4068
6130 2448
6131 6130
6132 1728
6133 6132
6134 3066
6135 3264
6136 2784
6137 5472
6138 1800
6139 5256
6140 2448
6141 3872
6142 2952
6143 6142
6144 2048
6145 4912
6146 2628
6147 4092
6148 2912
6149 5040
6150 1600
6151 6150
6152 3072
6153 3504
6154 2880
6155 4920
6156 1944
6157 5980
6158 3078
6159 4104
6160 1920
6161 6000
6162 1872
6163 6162
6164 2904
6165 3264
6166 3082
6167 5280
6168 2048
6169 5940
6170 2464
6171 3520
6172 3084
6173 6172
6174 1764
6175 4320
6176 3072
6177 3920
6178 3088
6179 5976
6180 1632
6181 5292
6182 2800
6183 4104
6184 3088
6185 4944
6186 2060
6187 5896
6188 2304
6189 4124
6190 2472
6191 6000
6192 2016
6193 5620
6194 2916
6195 2784
6196 3096
6197 6196
6198 2064
6199 6198
6200 2400
6201 3744
6202 2652
6203 6202
6204 1840
6205 4608
6206 2968
6207 4136
6208 3072
6209 5316
6210 1584
6211 6210
6212 3104
6213 3888
6214 2856
6215 4480
6216 1728
6217 6216
6218 3108
6219 4140
6220 2480
6221 6220
6222 1920
6223 5292
6224 3104
6225 3280
6226 2820
6227 5736
6228 2064
6229 6228
6230 2112
6231 3960
6232 2880
6233 5940
6234 2076
6235 4704
6236 3116
6237 3240
6238 3118
6239 5856
6240 1536
6241 6162
6242 3120
6243 4160
6244 2664
6245 4992
6246 2076
6247 6246
6248 2800
6249 4164
6250 2500
6251 4968
6252 2080
6253 5616
6254 3016
6255 3312
6256 2816
6257 6256
6258 1776
6259 5680
6260 2496
6261 4172
6262 3000
6263 6262
6264 2016
6265 4272
6266 2880
6267 4176
6268 3132
6269 6268
6270 1440
6271 6270
6272 2688
6273 3840
6274 3136
6275 5000
6276 2088
6277 6276
6278 3024
6279 3168
6280 2496
6281 5700
6282 2088
6283 6120
6284 3140
6285 3344
6286 2688
6287 6286
6288 2080
6289 5940
6290 2304
6291 4176
6292 2640
6293 5040
6294 2096
6295 5032
6296 3144
6297 4196
6298 3036
6299 6298
6300 1440
6301 6300
6302 2992
6303 3800
6304 3136
6305 4608
6306 2100
6307 4992
6308 2952
6309 4200
6310 2520
6311 6310
6312 2096
6313 6148
6314 2400
6315 3360
6316 3156
6317 6316
6318 1944
6319 6160
6320 2496
6321 3528
6322 3024
6323 6322
6324 1920
6325 4400
6326 3162
6327 3888
6328 2688
6329 6328
6330 1680
6331 5832
6332 3164
6333 4220
6334 3166
6335 4320
6336 1920
6337 6336
6338 3168
6339 4224
6340 2528
6341 5952
6342 1800
6343 6342
6344 2880
6345 3312
6346 2988
6347 5760
6348 2024
6349 5436
6350 2520
6351 4032
6352 3168
6353 6352
6354 2112
6355 4800
6356 2712
6357 3888
6358 2720
6359 6358
6360 1664
6361 6360
6362 3180
6363 3600
6364 3024
6365 4752
6366 2120
6367 6366
6368 3168
6369 3840
6370 2016
6371 6072
6372 2088
6373 6372
6374 3186
6375 3200
6376 3184
6377 5460
6378 2124
6379 6378
6380 2240
6381 4248
6382 3190
6383 5880
6384 1728
6385 5104
6386 3060
6387 4256
6388 3192
6389 6388
6390 1680
6391 4920
6392 2944
6393 4260
6394 3036
6395 5112
6396 1920
6397 6396
6398 2736
6399 4212
6400 2560
6401 6192
6402 1920
6403 6048
6404 3200
6405 2880
6406 3202
6407 6216
6408 2112
6409 5376
6410 2560
6411 4272
6412 2736
6413 5720
6414 2136
6415 5128
6416 3200
6417 3960
6418 3208
6419 5460
6420 1696
6421 6420
6422 2808
6423 4280
6424 2880
6425 5120
6426 1728
6427 6426
6428 3212
6429 4284
6430 2568
6431 6264
6432 2112
6433 5508
6434 3216
6435 2880
6436 3216
6437 6240
6438 2016
6439 6256
6440 2112
6441 4032
6442 3220
6443 6048
6444 2136
6445 5152
6446 2920
6447 3672
6448 2880
6449 6448
6450 1680
6451 6450
6452 3224
6453 4284
6454 2760
6455 5160
6456 2144
6457 5860
6458 3228
6459 4304
6460 2304
6461 5040
6462 2148
6463 6160
6464 3200
6465 3440
6466 3120
6467 6216
6468 1680
6469 6468
6470 2584
6471 4308
6472 3232
6473 6472
6474 1968
6475 4320
6476 3236
6477 4032
6478 3120
6479 5400
6480 1728
6481 6480
6482 2772
6483 4320
6484 3240
6485 5184
6486 2024
6487 5976
6488 3240
6489 3672
6490 2320
6491 6490
6492 2160
6493 6300
6494 3040
6495 3456
6496 2688
6497 6336
6498 2052
6499 6336
6500 2400
6501 3920
6502 3250
6503 5568
6504 2160
6505 5200
6506 3252
6507 4320
6508 3252
6509 6204
6510 1440
6511 6112
6512 2880
6513 3984
6514 3256
6515 5208
6516 2160
6517 5292
6518 3258
6519 4160
6520 2592
6521 6520
6522 2172
6523 5920
6524 2784
6525 3360
6526 3000
6527 6360
6528 2048
6529 6528
6530 2608
6531 3720
6532 3080
6533 6348
6534 1980
6535 5224
6536 3024
6537 4356
6538 2796
6539 6024
6540 1728
6541 6300
6542 3270
6543 4356
6544 3264
6545 3840
6546 2180
6547 6546
6548 3272
6549 4176
6550 2600
6551 6550
6552 1728
6553 6552
6554 3136
6555 3168
6556 2960
6557 6396
6558 2184
6559 5616
6560 2560
6561 4374
6562 3072
6563 6562
6564 2184
6565 4800
6566 2772
6567 3960
6568 3280
6569 6568
6570 1728
6571 6570
6572 3120
6573 3744
6574 3096
6575 5240
6576 2176
6577 6576
6578 2640
6579 4032
6580 2208
6581 6580
6582 2192
6583 6328
6584 3288
6585 3504
6586 3168
6587 5640
6588 2160
6589 5980
6590 2632
6591 4056
6592 3264
6593 6228
6594 1872
6595 5272
6596 3072
6597 4392
6598 3298
6599 6598
6600 1600
6601 5280
6602 3300
6603 4200
6604 3024
6605 5280
6606 2196
6607 6606
6608 2784
6609 4404
6610 2640
6611 6000
6612 2016
6613 6208
6614 3306
6615 3024
6616 3304
6617 6096
6618 2204
6619 6618
6620 2640
6621 4412
6622 2520
6623 6408
6624 2112
6625 5200
6626 3312
6627 4324
6628 3312
6629 5676
6630 1536
6631 6264
6632 3312
6633 3960
6634 3180
6635 5304
6636 1872
6637 6636
6638 3318
6639 4424
6640 2624
6641 6384
6642 2160
6643 5184
6644 3000
6645 3536
6646 3322
6647 5984
6648 2208
6649 6480
6650 2160
6651 4428
6652 3324
6653 6652
6654 2216
6655 4840
6656 3072
6657 3792
6658 3328
6659 6658
6660 1728
6661 6660
6662 3330
6663 4440
6664 2688
6665 5040
6666 2000
6667 6496
6668 3332
6669 3888
6670 2464
6671 5712
6672 2208
6673 6672
6674 3220
6675 3520
6676 3336
6677 6060
6678 1872
6679 6678
6680 2656
6681 4160
6682 3072
6683 6480
6684 2224
6685 4560
6686 3342
6687 4452
6688 2880
6689 6688
6690 1776
6691 6690
6692 2856
6693 4224
6694 3346
6695 4896
6696 2160
6697 6480
6698 3136
6699 3360
6700 2640
6701 6700
6702 2232
6703 6702
6704 3344
6705 3552
6706 2868
6707 6336
6708 2016
6709 6708
6710 2400
6711 4472
6712 3352
6713 5712
6714 2232
6715 4992
6716 3168
6717 4476
6718 3358
6719 6718
6720 1536
6721 5520
6722 3360
6723 4428
6724 3280
6725 5360
6726 2088
6727 5580
6728 3248
6729 4484
6730 2688
6731 6552
6732 1920
6733 6732
6734 2592
6735 3584
6736 3360
6737 6736
6738 2244
6739 6424
6740 2688
6741 3816
6742 3370
6743 6120
6744 2240
6745 5040
6746 3372
6747 4128
6748 2880
6749 6336
6750 1800
6751 6552
6752 3360
6753 4500
6754 3060
6755 4608
6756 2248
6757 6496
6758 3240
6759 4500
6760 2496
6761 6760
6762 1848
6763 6762
6764 3168
6765 3200
6766 3168
6767 6600
6768 2208
6769 5796
6770 2704
6771 4320
6772 3384
6773 6240
6774 2256
6775 5400
6776 2640
6777 4500
6778 3388
6779 6778
6780 1792
6781 6780
6782 3390
6783 3456
6784 3328
6785 5104
6786 2016
6787 6160
6788 3392
6789 4320
6790 2304
6791 6790
6792 2256
6793 6792
6794 3276
6795 3600
6796 3396
6797 5820
6798 2040
6799 6264
6800 2560
6801 4532
6802 3204
6803 6802
6804 1944
6805 5440
6806 3280
6807 4536
6808 3168
6809 6180
6810 1808
6811 5796
6812 3120
6813 4536
6814 3406
6815 5152
6816 2240
6817 6400
6818 2916
6819 4544
6820 2400
6821 6444
6822 2268
6823 6822
6824 3408
6825 2880
6826 3412
6827 6826
6828 2272
6829 6828
6830 2728
6831 3960
6832 2880
6833 6832
6834 2112
6835 5464
6836 3416
6837 4368
6838 3144
6839 5856
6840 1728
6841 6840
6842 3100
6843 4560
6844 3248
6845 5328
6846 1944
6847 6640
6848 3392
6849 4560
6850 2720
6851 5760
6852 2280
6853 5280
6854 3256
6855 3648
6856 3424
6857 6856
6858 2268
6859 6498
6860 2352
6861 4572
6862 3312
6863 6862
6864 1920
6865 5488
6866 3432
6867 3888
6868 3200
6869 6868
6870 1824
6871 6870
6872 3432
6873 4368
6874 2940
6875 5000
6876 2280
6877 6072
6878 3240
6879 4584
6880 2688
6881 5892
6882 2160
6883 6882
6884 3440
6885 3456
6886 3120
6887 6720
6888 1920
6889 6806
6890 2496
6891 4592
6892 3444
6893 6720
6894 2292
6895 4704
6896 3440
6897 3960
6898 3448
6899 6898
6900 1760
6901 6732
6902 2688
6903 4176
6904 3448
6905 5520
6906 2300
6907 6906
6908 3120
6909 3864
6910 2760
6911 6910
6912 2304
6913 6660
6914 3456
6915 3680
6916 2592
6917 6916
6918 2304
6919 5760
6920 2752
6921 4608
6922 3460
6923 5544
6924 2304
6925 5520
6926 3462
6927 4616
6928 3456
6929 6240
6930 1440
6931 6664
6932 3464
6933 4620
6934 3466
6935 5184
6936 2176
6937 5940
6938 3468
6939 4608
6940 2768
6941 6300
6942 2112
6943 6760
6944 2880
6945 3696
6946 3300
6947 6946
6948 2304
6949 6948
6950 2760
6951 3960
6952 3120
6953 6528
6954 2160
6955 5088
6956 3312
6957 4632
6958 2940
6959 6958
6960 1792
6961 6960
6962 3422
6963 4200
6964 3480
6965 4752
6966 2268
6967 6966
6968 3168
6969 4400
6970 2560
6971 6970
6972 1968
6973 6588
6974 3160
6975 3600
6976 3456
6977 6976
6978 2324
6979 5976
6980 2784
6981 4272
6982 3490
6983 6982
6984 2304
6985 5040
6986 2988
6987 4352
6988 3492
6989 6720
6990 1856
6991 6990
6992 3168
6993 3888
6994 3216
6995 5592
6996 2080
6997 6996
6998 3498
6999 4664
7000 2400
7001 7000
7002 2328
7003 6808
7004 3264
7005 3728
7006 3360
7007 5040
7008 2304
7009 6804
7010 2800
7011 4320
7012 3504
7013 7012
7014 1992
7015 5280
7016 3504
7017 4676
7018 3080
7019 7018
7020 1728
7021 5568
7022 3510
7023 4680
7024 3504
7025 5600
7026 2340
7027 7026
7028 3000
7029 4200
7030 2592
7031 6864
7032 2336
7033 6480
7034 3516
7035 3168
7036 3516
7037 6780
7038 2112
7039 7038
7040 2560
7041 4692
7042 3012
7043 7042
7044 2344
7045 5632
7046 3240
7047 4536
7048 3520
7049 5616
7050 1840
7051 6400
7052 3360
7053 4700
7054 3526
7055 5248
7056 2016
7057 7056
7058 3528
7059 4320
7060 2816
7061 6732
7062 2120
7063 6048
7064 3528
7065 3744
7066 3532
7067 6840
7068 2160
7069 7068
7070 2400
7071 4712
7072 3072
7073 6420
7074 2340
7075 5640
7076 3360
7077 4032
7078 3538
7079 7078
7080 1856
7081 6912
7082 3540
7083 4716
7084 2640
7085 5184
7086 2360
7087 6696
7088 3536
7089 4416
7090 2832
7091 6072
7092 2352
7093 6880
7094 3546
7095 3360
7096 3544
7097 6900
7098 1872
7099 6840
7100 2800
7101 4716
7102 3432
7103 7102
7104 2304
7105 4704
7106 2880
7107 4488
7108 3552
7109 7108
7110 1872
7111 6552
7112 3024
7113 4740
7114 3556
7115 5688
7116 2368
7117 6460
7118 3558
7119 4032
7120 2816
7121 7120
7122 2372
7123 6688
7124 3264
7125 3600
7126 3048
7127 7126
7128 2160
7129 7128
7130 2640
7131 4752
7132 3564
7133 6108
7134 2240
7135 5704
7136 3552
7137 4320
7138 3444
7139 6380
7140 1536
7141 6912
7142 3570
7143 4760
7144 3312
7145 5712
7146 2376
7147 6120
7148 3572
7149 4764
7150 2400
7151 7150
7152 2368
7153 6820
7154 3024
7155 3744
7156 3576
7157 6720
7158 2384
7159 7158
7160 2848
7161 3600
7162 3580
7163 6048
7164 2376
7165 5728
7166 3582
7167 4776
7168 3072
7169 6996
7170 1904
7171 7000
7172 3240
7173 4776
7174 3360
7175 4800
7176 2112
7177 7176
7178 3456
7179 4784
7180 2864
7181 6972
7182 1944
7183 6520
7184 3584
7185 3824
7186 3592
7187 7186
7188 2392
7189 5616
7190 2872
7191 4416
7192 3360
7193 7192
7194 2160
7195 5752
7196 3072
7197 4796
7198 3480
7199 6864
7200 1920
7201 6804
7202 3312
7203 4116
7204 3600
7205 5200
7206 2400
7207 7206
7208 3328
7209 4752
7210 2448
7211 7210
7212 2400
7213 7212
7214 3606
7215 3456
7216 3200
7217 6180
7218 2400
7219 7218
7220 2736
7221 4592
7222 3432
7223 6960
7224 2016
7225 5440
7226 3612
7227 4320
7228 3312
7229 7228
7230 1920
7231 6192
7232 3584
7233 4820
7234 3616
7235 5784
7236 2376
7237 7236
7238 2760
7239 4536
7240 2880
7241 6672
7242 2240
7243 7242
7244 3620
7245 3168
7246 3622
7247 7246
7248 2400
7249 6580
7250 2800
7251 4832
7252 3024
7253 7252
7254 2160
7255 5800
7256 3624
7257 4640
7258 3420
7259 5760
7260 1760
7261 7072
7262 3630
7263 4824
7264 3616
7265 5808
7266 2064
7267 6552
7268 3432
7269 4844
7270 2904
7271 6600
7272 2400
7273 6228
7274 3636
7275 3840
7276 3392
7277 6876
7278 2424
7279 7000
7280 2304
7281 4848
7282 3300
7283 7282
7284 2424
7285 5520
7286 3642
7287 4152
7288 3640
7289 7056
7290 1944
7291 6952
7292 3644
7293 3840
7294 3120
7295 5832
7296 2304
7297 7296
7298 3520
7299 4860
7300 2880
7301 6216
7302 2432
7303 7128
7304 3280
7305 3888
7306 3360
7307 7306
7308 2016
7309 7308
7310 2688
7311 4872
7312 3648
7313 7140
7314 2288
7315 4320
7316 3480
7317 4860
7318 3658
7319 6744
7320 1920
7321 7320
7322 3132
7323 4880
7324 3660
7325 5840
7326 2160
7327 6880
7328 3648
7329 4176
7330 2928
7331 7330
7332 2208
7333 7332
7334 3456
7335 3888
7336 3120
7337 6160
7338 2444
7339 7120
7340 2928
7341 4892
7342 3670
7343 6288
7344 2304
7345 5376
7346 3672
7347 4680
7348 3320
7349 7348
7350 1680
7351 7350
7352 3672
7353 4536
7354 3676
7355 5880
7356 2448
7357 6300
7358 3384
7359 4440
7360 2816
7361 6912
7362 2448
7363 7128
7364 3144
7365 3920
7366 3528
7367 7176
7368 2448
7369 7368
7370 2640
7371 3888
7372 3456
7373 7200
7374 2456
7375 5800
7376 3680
7377 4916
7378 2880
7379 7176
7380 1920
7381 6600
7382 3690
7383 4664
7384 3360
7385 5040
7386 2460
7387 7216
7388 3692
7389 4920
7390 2952
7391 6984
7392 1920
7393 7392
7394 3696
7395 3584
7396 3612
7397 6816
7398 2448
7399 6300
7400 2880
7401 4932
7402 3700
7403 6720
7404 2464
7405 5920
7406 3036
7407 4932
7408 3696
7409 7140
7410 1728
7411 7410
7412 3456
7413 4224
7414 3360
7415 5928
7416 2448
7417 7416
7418 3708
7419 4944
7420 2496
7421 7200
7422 2472
7423 6840
7424 3584
7425 3600
7426 3588
7427 6360
7428 2472
7429 6336
7430 2968
7431 4952
7432 3712
7433 7432
7434 2088
7435 5944
7436 3120
7437 4752
7438 3718
7439 7224
7440 1920
7441 6372
7442 3660
7443 4956
7444 3720
7445 5952
7446 2304
7447 6760
7448 3024
7449 4560
7450 2960
7451 7450
7452 2376
7453 7168
7454 3726
7455 3360
7456 3712
7457 7456
7458 2240
7459 7458
7460 2976
7461 4968
7462 2880
7463 7008
7464 2480
7465 5968
7466 3732
7467 4680
7468 3732
7469 5760
7470 1968
7471 7200
7472 3728
7473 4784
7474 3600
7475 5280
7476 2112
7477 7476
7478 3738
7479 4968
7480 2560
7481 7480
7482 2352
7483 6408
7484 3740
7485 3984
7486 3528
7487 7486
7488 2304
7489 7488
7490 2544
7491 4520
7492 3744
7493 7308
7494 2496
7495 5992
7496 3744
7497 4032
7498 3564
7499 7498
7500 2000
7501 6912
7502 3300
7503 4800
7504 3168
7505 5616
7506 2484
7507 7506
7508 3752
7509 5004
7510 3000
7511 6048
7512 2496
7513 6820
7514 3264
7515 3984
7516 3756
7517 7516
7518 2136
7519 7344
7520 2944
7521 4752
7522 3760
7523 7522
7524 2160
7525 5040
7526 3640
7527 4608
7528 3760
7529 7528
7530 2000
7531 7072
7532 3216
7533 4860
7534 3766
7535 5440
7536 2496
7537 7536
7538 3768
7539 4296
7540 2688
7541 7540
7542 2508
7543 7128
7544 3520
7545 4016
7546 2940
7547 7546
7548 2304
7549 7548
7550 3000
7551 5028
7552 3712
7553 5904
7554 2516
7555 6040
7556 3776
7557 4560
7558 3778
7559 7558
7560 1728
7561 7560
7562 3564
7563 5040
7564 3600
7565 5632
7566 2304
7567 6072
7568 3360
7569 4872
7570 3024
7571 7392
7572 2520
7573 7572
7574 3240
7575 4000
7576 3784
7577 7576
7578 2520
7579 6240
7580 3024
7581 4104
7582 3552
7583 7582
7584 2496
7585 5760
7586 3792
7587 5040
7588 3240
7589 7588
7590 1760
7591 7590
7592 3456
7593 5060
7594 3796
7595 5040
7596 2520
7597 7420
7598 3640
7599 4736
7600 2880
7601 6900
7602 2160
7603 7602
7604 3800
7605 3744
7606 3802
7607 7606
7608 2528
7609 6516
7610 3040
7611 4872
7612 3440
7613 7260
7614 2484
7615 6088
7616 3072
7617 5076
7618 3504
7619 7200
7620 2016
7621 7620
7622 3672
7623 3960
7624 3808
7625 6000
7626 2400
7627 7336
7628 3812
7629 5084
7630 2592
7631 7032
7632 2496
7633 7168
7634 3460
7635 4064
7636 3608
7637 6540
7638 2376
7639 7638
7640 3040
7641 5076
7642 3820
7643 7642
7644 2016
7645 5520
7646 3822
7647 5096
7648 3808
7649 7648
7650 1920
7651 6552
7652 3824
7653 5100
7654 3696
7655 6120
7656 2240
7657 6480
7658 3276
7659 4752
7660 3056
7661 7452
7662 2552
7663 7488
7664 3824
7665 3456
7666 3832
7667 6400
7668 2520
7669 7668
7670 2784
7671 5112
7672 3264
7673 7672
7674 2556
7675 6120
7676 3600
7677 5112
7678 3480
7679 6576
7680 2048
7681 7680
7682 3652
7683 4704
7684 3584
7685 5824
7686 2160
7687 7686
7688 3720
7689 4640
7690 3072
7691 7690
7692 2560
7693 6552
7694 3846
7695 3888
7696 3456
7697 7476
7698 2564
7699 7698
7700 2400
7701 4800
7702 3850
7703 7702
7704 2544
7705 5808
7706 3852
7707 4392
7708 3680
7709 7104
7710 2048
7711 7000
7712 3840
7713 5136
7714 3024
7715 6168
7716 2568
7717 7716
7718 3616
7719 4920
7720 3072
7721 6612
7722 2160
7723 7722
7724 3860
7725 4080
7726 3862
7727 7726
7728 2112
7729 7540
7730 3088
7731 5148
7732 3864
7733 6480
7734 2576
7735 4608
7736 3864
7737 5156
7738 3744
7739 7560
7740 2016
7741 7740
7742 3276
7743 4928
7744 3520
7745 6192
7746 2580
7747 7560
7748 3552
7749 4320
7750 3000
7751 7392
7752 2304
7753 7752
7754 3876
7755 3680
7756 3312
7757 7756
7758 2580
7759 7758
7760 3072
7761 4752
7762 3880
7763 6648
7764 2584
7765 6208
7766 3520
7767 5172
7768 3880
7769 7296
7770 1728
7771 7344
7772 3696
7773 5180
7774 3432
7775 6200
7776 2592
7777 6000
7778 3888
7779 5184
7780 3104
7781 7500
7782 2592
7783 7560
7784 3312
7785 4128
7786 3648
7787 7176
7788 2320
7789 7788
7790 2880
7791 4368
7792 3888
7793 7792
7794 2592
7795 6232
7796 3896
7797 4928
7798 3336
7799 7080
7800 1920
7801 7504
7802 3772
7803 4896
7804 3900
7805 5328
7806 2600
7807 7560
7808 3840
7809 4896
7810 2800
7811 7632
7812 2160
7813 7200
7814 3906
7815 4160
7816 3904
7817 7816
7818 2604
7819 6696
7820 2816
7821 4680
7822 3910
7823 7822
7824 2592
7825 6240
7826 3024
7827 5216
7828 3672
7829 7828
7830 2016
7831 7600
7832 3520
7833 4464
7834 3916
7835 6264
7836 2608
7837 7360
7838 3918
7839 4752
7840 2688
7841 7840
7842 2612
7843 6600
7844 3744
7845 4176
7846 3922
7847 6264
7848 2592
7849 7636
7850 3120
7851 5232
7852 3600
7853 7852
7854 1920
7855 6280
7856 3920
7857 5184
7858 3928
7859 7560
7860 2080
7861 6732
7862 3930
7863 5240
7864 3928
7865 5280
7866 2376
7867 7866
7868 3360
7869 5040
7870 3144
7871 7392
7872 2560
7873 7872
7874 3780
7875 3600
7876 3560
7877 7876
7878 2400
7879 7878
7880 3136
7881 5040
7882 3372
7883 7882
7884 2592
7885 5904
7886 3942
7887 4760
7888 3584
7889 6468
7890 2096
7891 7272
7892 3944
7893 5256
7894 3946
7895 6312
7896 2208
7897 7696
7898 3580
7899 5264
7900 3120
7901 7900
7902 2628
7903 6768
7904 3456
7905 3840
7906 3828
7907 7906
7908 2632
7909 7180
7910 2688
7911 5256
7912 3696
7913 7680
7914 2636
7915 6328
7916 3956
7917 4032
7918 3816
7919 7918
7920 1920
7921 7832
7922 3712
7923 4968
7924 3384
7925 6320
7926 2640
7927 7926
7928 3960
7929 5280
7930 2880
7931 6120
7932 2640
7933 7932
7934 3966
7935 4048
7936 3840
7937 7936
7938 2268
7939 7456
7940 3168
7941 5292
7942 3420
7943 7176
7944 2640
7945 5424
7946 3808
7947 5292
7948 3972
7949 7948
7950 2080
7951 7950
7952 3360
7953 4800
7954 3840
7955 6048
7956 2304
7957 7776
7958 3784
7959 4536
7960 3168
7961 7524
7962 2652
7963 7962
7964 3600
7965 4176
7966 3408
7967 7680
7968 2624
7969 7344
7970 3184
7971 5312
7972 3984
7973 6336
7974 2652
7975 5600
7976 3984
7977 5316
7978 3988
7979 7800
7980 1728
7981 7612
7982 3672
7983 5316
7984 3984
7985 6384
7986 2420
7987 6804
7988 3992
7989 5324
7990 2944
7991 7800
7992 2592
7993 7992
7994 3420
7995 3840
7996 3996
7997 7260
7998 2520
7999 7560
8000 3200
8001 4536
8002 4000
8003 7800
8004 2464
8005 6400
8006 4002
8007 4992
8008 2880
8009 8008
8010 2112
8011 8010
8012 4004
8013 5340
8014 4006
8015 5472
8016 2656
8017 8016
8018 3780
8019 4860
8020 3200
8021 7392
8022 2280
8023 7840
8024 3712
8025 4240
8026 4012
8027 7656
8028 2664
8029 6480
8030 2880
8031 5352
8032 4000
8033 7728
8034 2448
8035 6424
8036 3360
8037 4968
8038 4018
8039 8038
8040 2112
8041 6720
8042 4020
8043 4584
8044 4020
8045 6432
8046 2664
8047 7416
8048 4016
8049 5364
8050 2640
8051 7872
8052 2400
8053 8052
8054 4026
8055 4272
8056 3744
8057 6900
8058 2496
8059 8058
8060 2880
8061 5372
8062 3864
8063 7320
8064 2304
8065 6448
8066 3888
8067 5376
8068 4032
8069 8068
8070 2144
8071 6912
8072 4032
8073 4752
8074 3660
8075 5760
8076 2688
8077 7840
8078 3456
8079 5384
8080 3200
8081 8080
8082 2688
8083 7888
8084 3864
8085 3360
8086 3720
8087 8086
8088 2688
8089 8088
8090 3232
8091 5040
8092 3264
8093 8092
8094 2520
8095 6472
8096 3520
8097 5396
8098 4048
8099 6336
8100 2160
8101 8100
8102 4050
8103 5184
8104 4048
8105 6480
8106 2304
8107 7260
8108 4052
8109 4992
8110 3240
8111 8110
8112 2496
8113 6480
8114 4056
8115 4320
8116 4056
8117 8116
8118 2400
8119 7744
8120 2688
8121 5412
8122 3900
8123 8122
8124 2704
8125 6000
8126 3808
8127 4536
8128 4032
8129 7380
8130 2160
8131 7912
8132 3816
8133 5420
8134 3444
8135 6504
8136 2688
8137 7956
8138 3744
8139 5424
8140 2880
8141 6972
8142 2552
8143 7648
8144 4064
8145 4320
8146 4072
8147 8146
8148 2304
8149 7840
8150 3240
8151 4320
8152 4072
8153 7860
8154 2700
8155 5568
8156 4076
8157 5436
8158 4078
8159 7920
8160 2048
8161 8160
8162 3120
8163 5436
8164 3744
8165 6160
8166 2720
8167 8166
8168 4080
8169 4656
8170 3024
8171 8170
8172 2712
8173 7420
8174 3960
8175 4320
8176 3456
8177 6912
8178 2576
8179 8178
8180 3264
8181 5400
8182 4090
8183 6972
8184 2400
8185 6544
8186 4092
8187 5456
8188 3872
8189 7740
8190 1728
8191 8190
8192 4096
8193 5460
8194 3840
8195 5920
8196 2728
8197 7020
8198 4098
8199 5460
8200 3200
8201 8004
8202 2732
8203 7560
8204 3504
8205 4368
8206 3720
8207 7896
8208 2592
8209 8208
8210 3280
8211 4224
8212 4104
8213 7980
8214 2664
8215 6240
8216 3744
8217 4920
8218 3516
8219 8218
8220 2176
8221 8220
8222 4110
8223 5480
8224 4096
8225 5520
8226 2736
8227 7776
8228 3520
8229 5040
8230 3288
8231 8230
8232 2352
8233 8232
8234 3916
8235 4320
8236 3920
8237 8236
8238 2744
8239 6360
8240 3264
8241 5280
8242 3792
8243 8242
8244 2736
8245 6144
8246 3240
8247 5496
8248 4120
8249 8064
8250 2000
8251 7992
8252 4124
8253 4680
8254 4126
8255 6048
8256 2688
8257 7876
8258 4128
8259 5504
8260 2784
8261 7500
8262 2592
8263 8262
8264 4128
8265 4032
8266 4132
8267 7080
8268 2496
8269 8268
8270 3304
8271 5508
8272 3680
8273 8272
8274 2352
8275 6600
8276 4136
8277 5280
8278 4138
8279 7776
8280 2112
8281 6552
8282 4000
8283 5000
8284 3888
8285 6624
8286 2760
8287 8286
8288 3456
8289 5508
8290 3312
8291 8290
8292 2760
8293 8292
8294 3360
8295 3744
8296 3840
8297 8296
8298 2760
8299 8064
8300 3280
8301 5532
8302 3552
8303 7524
8304 2752
8305 6000
8306 4152
8307 5040
8308 3960
8309 7116
8310 2208
8311 8310
8312 4152
8313 5184
8314 4156
8315 6648
8316 2160
8317 8316
8318 4158
8319 5336
8320 3072
8321 8112
8322 2592
8323 6720
8324 4160
8325 4320
8326 3960
8327 7560
8328 2768
8329 8328
8330 2688
8331 5552
8332 4164
8333 7680
8334 2772
8335 6664
8336 4160
8337 4752
8338 3780
8339 8040
8340 2208
8341 7884
8342 4032
8343 5508
8344 3552
8345 6672
8346 2544
8347 7840
8348 4172
8349 4840
8350 3320
8351 7152
8352 2688
8353 8352
8354 4176
8355 4448
8356 4176
8357 8160
8358 2376
8359 7704
8360 2880
8361 5568
8362 4032
8363 8362
8364 2560
8365 5712
8366 4048
8367 5576
8368 4176
8369 8368
8370 2160
8371 7600
8372 3168
8373 5580
8374 4056
8375 6600
8376 2784
8377 8376
8378 4060
8379 4536
8380 3344
8381 7616
8382 2520
8383 8200
8384 4160
8385 4032
8386 3588
8387 8386
8388 2784
8389 8388
8390 3352
8391 5592
8392 4192
8393 6480
8394 2796
8395 6336
8396 4196
8397 5580
8398 3456
8399 8136
8400 1920
8401 8100
8402 4200
8403 5600
8404 3800
8405 6560
8406 2796
8407 7200
8408 4200
8409 5604
8410 3248
8411 7752
8412 2800
8413 8188
8414 3600
8415 3840
8416 4192
8417 7956
8418 2640
8419 8418
8420 3360
8421 4800
8422 4210
8423 8422
8424 2592
8425 6720
8426 3820
8427 5512
8428 3528
8429 8428
8430 2240
8431 8430
8432 3840
8433 5616
8434 4216
8435 5760
8436 2592
8437 6960
8438 4218
8439 5376
8440 3360
8441 8052
8442 2376
8443 8442
8444 4220
8445 4496
8446 4080
8447 8446
8448 2560
8449 6720
8450 3120
8451 5616
8452 4224
8453 8268
8454 2816
8455 6336
8456 3600
8457 5636
8458 4228
8459 7680
8460 2208
8461 8460
8462 4230
8463 4320
8464 4048
8465 6768
8466 2624
8467 8466
8468 4032
8469 5640
8470 2640
8471 8232
8472 2816
8473 8208
8474 3996
8475 4480
8476 3888
8477 7224
8478 2808
8479 8280
8480 3328
8481 5120
8482 4240
8483 7968
8484 2400
8485 6784
8486 4242
8487 5280
8488 4240
8489 7824
8490 2256
8491 7272
8492 3840
8493 5328
8494 4080
8495 6792
8496 2784
8497 8176
8498 3636
8499 5664
8500 3200
8501 8500
8502 2592
8503 7720
8504 4248
8505 3888
8506 4252
8507 8280
8508 2832
8509 8316
8510 3168
8511 5672
8512 3456
8513 8512
8514 2520
8515 6240
8516 4256
8517 5312
8518 4258
8519 7296
8520 2240
8521 8520
8522 4260
8523 5676
8524 4260
8525 6000
8526 2352
8527 8526
8528 3840
8529 5684
8530 3408
8531 8064
8532 2808
8533 6864
8534 4000
8535 4544
8536 3840
8537 8536
8538 2844
8539 8538
8540 2880
8541 5184
8542 4270
8543 8542
8544 2816
8545 6832
8546 4272
8547 4320
8548 4272
8549 8364
8550 2160
8551 8032
8552 4272
8553 5700
8554 3312
8555 6496
8556 2640
8557 8316
8558 3880
8559 5688
8560 3392
8561 7332
8562 2852
8563 8562
8564 4280
8565 4560
8566 4282
8567 7896
8568 2304
8569 7200
8570 3424
8571 5712
8572 4284
8573 8572
8574 2856
8575 5880
8576 4224
8577 5712
8578 4288
8579 8184
8580 1920
8581 8580
8582 3672
8583 5720
8584 4032
8585 6400
8586 2808
8587 8280
8588 4032
8589 4896
8590 3432
8591 7700
8592 2848
8593 7920
8594 4296
8595 4560
8596 3672
8597 8596
8598 2864
8599 8598
8600 3360
8601 5520
8602 3520
8603 7368
8604 2856
8605 6880
8606 3960
8607 5400
8608 4288
8609 8608
8610 1920
8611 8424
8612 4304
8613 5040
8614 4176
8615 6888
8616 2864
8617 7380
8618 4140
8619 4992
8620 3440
8621 8352
8622 2868
8623 8622
8624 3360
8625 4400
8626 4068
8627 8626
8628 2872
8629 8628
8630 3448
8631 4896
8632 3936
8633 8448
8634 2876
8635 6240
8636 4032
8637 5756
8638 3696
8639 8424
8640 2304
8641 8640
8642 4144
8643 5544
8644 4320
8645 5184
8646 2600
8647 8646
8648 4048
8649 5580
8650 3440
8651 8400
8652 2448
8653 8128
8654 4326
8655 4608
8656 4320
8657 7860
8658 2592
8659 7416
8660 3456
8661 5772
8662 4200
8663 8662
8664 2736
8665 6928
8666 3708
8667 5724
8668 3920
8669 8668
8670 2176
8671 7392
8672 4320
8673 4872
8674 4336
8675 6920
8676 2880
8677 8676
8678 4338
8679 5240
8680 2880
8681 8680
8682 2892
8683 8208
8684 3984
8685 4608
8686 4200
8687 6912
8688 2880
8689 8688
8690 3120
8691 5792
8692 4160
8693 8692
8694 2376
8695 6624
8696 4344
8697 5328
8698 4348
8699 8698
8700 2240
8701 6720
8702 4104
8703 5796
8704 4096
8705 6960
8706 2900
8707 8706
8708 3720
8709 5804
8710 3168
8711 8400
8712 2640
8713 8712
8714 4356
8715 3936
8716 4356
8717 8316
8718 2904
8719 8718
8720 3456
8721 5184
8722 3696
8723 7200
8724 2904
8725 6960
8726 4362
8727 5816
8728 4360
8729 7056
8730 2304
8731 8730
8732 4176
8733 5600
8734 3960
8735 6984
8736 2304
8737 8736
8738 4096
8739 5820
8740 3168
8741 8740
8742 2760
8743 7488
8744 4368
8745 4160
8746 4372
8747 8746
8748 2916
8749 8064
8750 3000
8751 5832
8752 4368
8753 8752
8754 2916
8755 6528
8756 3960
8757 4968
8758 4200
8759 8280
8760 2304
8761 8760
8762 4032
8763 5544
8764 3744
8765 7008
8766 2916
8767 7960
8768 4352
8769 5616
8770 3504
8771 7476
8772 2688
8773 8460
8774 4240
8775 4320
8776 4384
8777 8580
8778 2160
8779 8778
8780 3504
8781 5852
8782 4390
8783 8782
8784 2880
8785 6000
8786 4180
8787 5600
8788 4056
8789 7360
8790 2336
8791 8584
8792 3744
8793 5856
8794 4396
8795 7032
8796 2928
8797 8316
8798 4264
8799 5016
8800 3200
8801 8112
8802 2916
8803 8802
8804 4200
8805 4688
8806 3456
8807 8806
8808 2928
8809 8404
8810 3520
8811 5280
8812 4404
8813 7548
8814 2688
8815 6720
8816 4032
8817 5876
8818 4408
8819 8818
8820 2016
8821 8820
8822 4000
8823 5504
8824 4408
8825 7040
8826 2940
8827 6912
8828 4412
8829 5832
8830 3528
8831 8830
8832 2816
8833 7920
8834 3780
8835 4320
8836 4324
8837 8836
8838 2940
8839 8838
8840 3072
8841 5040
8842 4420
8843 8568
8844 2640
8845 6720
8846 4422
8847 5892
8848 3744
8849 8848
8850 2320
8851 8632
8852 4424
8853 5424
8854 4176
8855 5280
8856 2880
8857 8320
8858 4284
8859 5904
8860 3536
8861 8860
8862 2520
8863 8862
8864 4416
8865 4704
8866 3600
8867 8866
8868 2952
8869 7560
8870 3544
8871 5912
8872 4432
8873 8388
8874 2688
8875 7000
8876 3792
8877 5360
8878 4224
8879 8184
8880 2304
8881 8692
8882 4440
8883 4968
8884 4440
8885 7104
8886 2960
8887 8886
8888 4000
8889 5924
8890 3024
8891 8352
8892 2592
8893 8892
8894 4446
8895 4736
8896 4416
8897 7200
8898 2964
8899 8080
8900 3520
8901 5544
8902 4450
8903 8568
8904 2496
8905 6528
8906 4320
8907 5936
8908 4160
8909 8700
8910 2160
8911 7128
8912 4448
8913 5940
8914 4456
8915 7128
8916 2968
8917 8640
8918 3528
8919 5940
8920 3552
8921 8100
8922 2972
8923 8922
8924 4224
8925 3840
8926 4462
8927 8736
8928 2880
8929 8928
8930 3312
8931 5472
8932 3360
8933 8932
8934 2976
8935 7144
8936 4464
8937 5940
8938 4320
8939 7656
8940 2368
8941 8940
8942 4192
8943 5400
8944 4032
8945 7152
8946 2520
8947 8536
8948 4472
8949 5616
8950 3560
8951 8950
8952 2976
8953 7668
8954 3960
8955 4752
8956 4476
8957 8112
8958 2984
8959 8160
8960 3072
8961 5712
8962 4480
8963 8962
8964 2952
8965 6480
8966 4482
8967 5040
8968 4176
8969 8968
8970 2112
8971 8970
8972 4484
8973 5976
8974 3840
8975 7160
8976 2560
8977 8740
8978 4422
8979 5760
8980 3584
8981 7692
8982 2988
8983 8280
8984 4488
8985 4784
8986 4492
8987 7560
8988 2544
8989 8800
8990 3360
8991 5832
8992 4480
8993 8096
8994 2996
8995 6144
8996 4128
8997 5996
8998 4080
8999 8998
9000 2400
9001 9000
9002 3852
9003 6000
9004 4500
9005 7200
9006 2808
9007 9006
9008 4496
9009 4320
9010 3328
9011 9010
9012 3000
9013 9012
9014 4506
9015 4800
9016 3696
9017 8820
9018 2988
9019 8680
9020 3200
9021 5760
9022 4152
9023 7728
9024 2944
9025 6840
9026 4512
9027 5568
9028 4320
9029 9028
9030 2016
9031 8200
9032 4512
9033 6020
9034 4516
9035 6624
9036 3000
9037 7740
9038 4518
9039 5720
9040 3584
9041 9040
9042 2720
9043 9042
9044 3456
9045 4752
9046 4522
9047 8856
9048 2688
9049 9048
9050 3600
9051 5160
9052 4320
9053 8220
9054 3012
9055 7240
9056 4512
9057 6036
9058 3876
9059 9058
9060 2400
9061 7680
9062 4312
9063 5616
9064 4080
9065 6048
9066 3020
9067 9066
9068 4532
9069 6044
9070 3624
9071 8832
9072 2592
9073 8820
9074 4176
9075 4400
9076 4536
9077 8736
9078 2816
9079 7776
9080 3616
9081 6048
9082 4284
9083 8760
9084 3024
9085 6864
9086 3480
9087 5568
9088 4480
9089 8880
9090 2400
9091 9090
9092 4544
9093 5184
9094 4546
9095 6784
9096 3024
9097 8260
9098 4548
9099 6048
9100 2880
9101 8604
9102 2880
9103 9102
9104 4544
9105 4848
9106 4368
9107 7800
9108 2640
9109 9108
9110 3640
9111 6072
9112 4224
9113 8400
9114 2520
9115 7288
9116 4368
9117 6072
9118 4416
9119 8280
9120 2304
9121 7812
9122 4560
9123 6080
9124 4560
9125 7200
9126 2808
9127 9126
9128 3888
9129 5696
9130 3280
9131 8712
9132 3040
9133 9132
9134 4566
9135 4032
9136 4560
9137 9136
9138 3044
9139 7776
9140 3648
9141 5520
9142 3912
9143 8880
9144 3024
9145 6960
9146 4288
9147 6096
9148 4572
9149 7836
9150 2400
9151 9150
9152 3840
9153 6048
9154 4356
9155 7320
9156 2592
9157 9156
9158 4320
9159 5880
9160 3648
9161 9160
9162 3048
9163 6720
9164 4368
9165 4416
9166 4582
9167 8976
9168 3040
9169 8944
9170 3120
9171 6108
9172 4584
9173 9172
9174 2760
9175 7320
9176 4320
9177 4752
9178 4224
9179 8976
9180 2304
9181 9180
9182 4590
9183 6120
9184 3840
9185 6640
9186 3060
9187 9186
9188 4592
9189 6120
9190 3672
9191 7200
9192 3056
9193 8848
9194 4596
9195 4896
9196 3960
9197 8640
9198 2592
9199 9198
9200 3520
9201 6132
9202 4452
9203 9202
9204 2784
9205 6288
9206 4602
9207 5400
9208 4600
9209 9208
9210 2448
9211 9000
9212 3864
9213 5904
9214 4320
9215 6912
9216 3072
9217 8496
9218 4180
9219 5256
9220 3680
9221 9220
9222 2912
9223 8800
9224 4608
9225 4800
9226 3948
9227 9226
9228 3072
9229 8380
9230 3360
9231 5760
9232 4608
9233 7908
9234 2916
9235 7384
9236 4616
9237 6156
9238 4440
9239 9238
9240 1920
9241 9240
9242 4620
9243 5616
9244 4620
9245 7224
9246 2904
9247 7920
9248 4352
9249 6164
9250 3600
9251 8120
9252 3072
9253 8748
9254 3960
9255 4928
9256 4224
9257 9256
9258 3084
9259 9016
9260 3696
9261 5292
9262 4200
9263 9048
9264 3072
9265 6912
9266 4480
9267 6176
9268 3960
9269 7920
9270 2448
9271 9072
9272 4320
9273 5600
9274 4636
9275 6240
9276 3088
9277 9276
9278 4638
9279 6180
9280 3584
9281 9280
9282 2304
9283 9282
9284 4200
9285 4944
9286 4642
9287 9000
9288 3024
9289 7956
9290 3712
9291 5832
9292 4400
9293 9292
9294 3096
9295 6240
9296 3936
9297 6192
9298 4648
9299 8736
9300 2400
9301 9100
9302 4650
9303 5304
9304 4648
9305 7440
9306 2760
9307 9040
9308 4272
9309 5936
9310 3024
9311 9310
9312 3072
9313 9108
9314 4656
9315 4752
9316 4352
9317 7260
9318 3104
9319 9318
9320 3712
9321 5712
9322 4524
9323 9322
9324 2592
9325 7440
9326 4662
9327 6216
9328 4160
9329 8820
9330 2480
9331 7560
9332 4664
9333 5760
9334 4296
9335 7464
9336 3104
9337 9336
9338 3696
9339 5640
9340 3728
9341 9340
9342 3096
9343 9342
9344 4608
9345 4224
9346 4672
9347 8616
9348 2880
9349 9348
9350 3200
9351 6228
9352 3984
9353 9108
9354 3116
9355 7480
9356 4676
9357 6236
9358 4678
9359 7980
9360 2304
9361 7920
9362 4500
9363 6240
9364 4680
9365 7488
9366 2664
9367 8064
9368 4680
9369 6228
9370 3744
9371 9370
9372 2800
9373 7344
9374 4536
9375 5000
9376 4672
9377 9376
9378 3120
9379 9184
9380 3168
9381 6032
9382 4690
9383 8520
9384 2816
9385 7504
9386 4104
9387 5328
9388 4692
9389 9120
9390 2496
9391 9390
9392 4688
9393 6000
9394 3600
9395 7512
9396 3024
9397 9396
9398 4536
9399 5760
9400 3680
9401 7488
9402 3132
9403 9402
9404 4700
9405 4320
9406 4702
9407 8976
9408 2688
9409 9312
9410 3760
9411 6272
9412 4320
9413 9412
9414 3132
9415 6432
9416 4240
9417 6048
9418 4416
9419 9418
9420 2496
9421 9420
9422 4032
9423 6264
9424 4320
9425 6720
9426 3140
9427 8560
9428 4712
9429 5376
9430 3520
9431 9430
9432 3120
9433 9432
9434 4576
9435 4608
9436 4032
9437 9436
9438 2640
9439 9438
9440 3712
9441 6288
9442 4720
9443 7560
9444 3144
9445 7552
9446 4722
9447 6072
9448 4720
9449 8580
9450 2160
9451 8712
9452 4416
9453 5984
9454 4536
9455 7200
9456 3136
9457 8064
9458 4728
9459 6300
9460 3360
9461 9460
9462 2952
9463 9462
9464 3744
9465 5040
9466 4732
9467 9466
9468 3144
9469 8896
9470 3784
9471 4800
9472 4608
9473 9472
9474 3156
9475 7560
9476 4488
9477 5832
9478 4056
9479 9478
9480 2496
9481 8964
9482 4300
9483 6048
9484 4740
9485 6480
9486 2880
9487 9256
9488 4736
9489 6324
9490 3456
9491 9490
9492 2688
9493 8620
9494 4600
9495 5040
9496 4744
9497 9496
9498 3164
9499 7656
9500 3600
9501 6332
9502 4750
9503 8064
9504 2880
9505 7600
9506 4032
9507 6336
9508 4752
9509 9216
9510 2528
9511 9510
9512 4480
9513 5400
9514 4620
9515 6880
9516 2880
9517 9180
9518 4758
9519 5976
9520 3072
9521 9520
9522 3036
9523 9328
9524 4760
9525 5040
9526 4320
9527 8160
9528 3168
9529 8784
9530 3808
9531 6336
9532 4764
9533 9532
9534 2712
9535 7624
9536 4736
9537 5440
9538 4500
9539 9538
9540 2496
9541 7728
9542 4392
9543 6360
9544 4768
9545 7216
9546 3024
9547 9546
9548 3600
9549 6360
9550 3800
9551 9550
9552 3168
9553 9280
9554 4480
9555 4032
9556 4776
9557 9036
9558 3132
9559 8580
9560 3808
9561 6372
9562 4092
9563 9360
9564 3184
9565 7648
9566 4782
9567 6372
9568 4224
9569 8196
9570 2240
9571 8992
9572 4784
9573 6380
9574 4786
9575 7640
9576 2592
9577 9360
9578 4788
9579 6120
9580 3824
9581 7920
9582 3192
9583 7992
9584 4784
9585 5040
9586 4792
9587 9586
9588 2944
9589 9324
9590 3264
9591 6072
9592 4320
9593 9360
9594 2880
9595 7200
9596 4796
9597 5472
9598 4798
9599 9240
9600 2560
9601 9600
9602 4800
9603 5760
9604 4116
9605 7168
9606 3200
9607 8856
9608 4800
9609 6404
9610 3720
9611 8232
9612 3168
9613 9612
9614 3960
9615 5120
9616 4800
9617 9396
9618 2736
9619 9618
9620 3456
9621 6408
9622 4512
9623 9622
9624 3200
9625 6000
9626 4812
9627 6416
9628 4592
9629 9628
9630 2544
9631 9630
9632 4032
9633 5616
9634 4816
9635 7360
9636 2880
9637 9196
9638 4680
9639 5184
9640 3840
9641 9300
9642 3212
9643 9642
9644 4820
9645 5136
9646 3744
9647 8760
9648 3168
9649 9648
9650 3840
9651 6432
9652 4536
9653 8232
9654 3216
9655 7720
9656 4480
9657 6048
9658 4380
9659 8904
9660 2112
9661 9660
9662 4830
9663 6440
9664 4800
9665 7728
9666 3204
9667 8280
9668 4832
9669 5840
9670 3864
9671 9144
9672 2880
9673 9088
9674 4140
9675 5040
9676 4640
9677 9676
9678 3224
9679 9678
9680 3520
9681 5520
9682 4692
9683 9240
9684 3216
9685 7104
9686 4648
9687 6456
9688 4128
9689 9688
9690 2304
9691 8800
9692 4844
9693 6444
9694 4680
9695 6624
9696 3200
9697 9696
9698 4464
9699 6240
9700 3840
9701 9504
9702 2520
9703 9360
9704 4848
9705 5168
9706 4620
9707 9120
9708 3232
9709 7776
9710 3880
9711 5904
9712 4848
9713 8820
9714 3236
9715 7392
9716 4152
9717 6240
9718 4704
9719 9718
9720 2592
9721 9720
9722 4860
9723 5544
9724 3840
9725 7760
9726 3240
9727 9520
9728 4608
9729 6072
9730 3312
9731 9432
9732 3240
9733 9732
9734 4680
9735 4640
9736 4864
9737 7632
9738 3240
9739 9738
9740 3888
9741 6080
9742 4870
9743 9742
9744 2688
9745 7792
9746 4420
9747 6156
9748 4872
9749 9748
9750 2400
9751 8316
9752 4576
9753 6500
9754 4876
9755 7800
9756 3240
9757 8860
9758 3840
9759 6504
9760 3840
9761 9492
9762 3252
9763 9000
9764 4880
9765 4320
9766 4608
9767 9766
9768 2880
9769 9768
9770 3904
9771 6512
9772 4176
9773 9408
9774 3240
9775 7040
9776 4416
9777 6516
9778 4888
9779 7560
9780 2592
9781 9780
9782 4752
9783 6516
9784 4888
9785 7344
9786 2784
9787 9786
9788 4892
9789 6000
9790 3520
9791 9790
9792 3072
9793 8388
9794 4756
9795 5216
9796 4680
9797 9600
9798 3080
9799 9520
9800 3360
9801 5940
9802 4368
9803 9802
9804 3024
9805 7488
9806 4902
9807 5592
9808 4896
9809 9216
9810 2592
9811 9810
9812 4440
9813 6540
9814 4200
9815 7200
9816 3264
9817 9816
9818 4908
9819 6540
9820 3920
9821 7920
9822 3272
9823 8280
9824 4896
9825 5200
9826 4624
9827 9480
9828 2592
9829 9828
9830 3928
9831 6272
9832 4912
9833 9832
9834 2960
9835 6720
9836 4916
9837 6552
9838 4918
9839 9838
9840 2560
9841 9072
9842 3888
9843 6144
9844 4664
9845 7120
9846 3276
9847 9576
9848 4920
9849 5544
9850 3920
9851 9850
9852 3280
9853 9628
9854 4536
9855 5184
9856 3840
9857 9856
9858 3120
9859 9858
9860 3584
9861 6192
9862 4930
9863 8448
9864 3264
9865 7888
9866 4932
9867 5280
9868 4932
9869 9660
9870 2208
9871 9870
9872 4928
9873 6576
9874 4936
9875 7800
9876 3288
9877 7872
9878 4480
9879 6336
9880 3456
9881 9600
9882 3240
9883 9882
9884 4224
9885 5264
9886 4942
9887 9886
9888 3264
9889 8400
9890 3696
9891 5616
9892 4944
9893 9120
9894 3072
9895 7912
9896 4944
9897 6596
9898 4200
9899 9360
9900 2400
9901 9900
9902 4950
9903 6600
9904 4944
9905 6768
9906 3024
9907 9906
9908 4952
9909 6588
9910 3960
9911 8320
9912 2784
9913 9460
9914 4956
9915 5280
9916 4752
9917 9660
9918 3024
9919 7776
9920 3840
9921 6612
9922 4400
9923 9922
9924 3304
9925 7920
9926 4248
9927 6612
9928 4608
9929 9928
9930 2640
9931 9930
9932 4560
9933 5040
9934 4966
9935 7944
9936 3168
9937 9396
9938 4968
9939 6624
9940 3360
9941 9940
9942 3312
9943 9720
9944 4480
9945 4608
9946 4972
9947 8232
9948 3312
9949 9948
9950 3960
9951 6360
9952 4960
9953 9648
9954 2808
9955 7200
9956 4680
9957 6636
9958 4584
9959 9504
9960 2624
9961 8532
9962 4672
9963 6480
9964 4784
9965 7968
9966 3000
9967 9966
9968 4224
9969 6644
9970 3984
9971 9048
9972 3312
9973 9972
9974 4986
9975 4320
9976 4704
9977 9060
9978 3324
9979 9376
9980 3984
9981 6648
9982 3960
9983 9768
9984 3072
9985 7984
9986 4992
9987 6656
9988 4520
9989 8556
9990 2592
9991 9792
9992 4992
9993 6660
9994 4716
9995 7992
9996 2688
9997 9216
9998 4998
9999 6000
10000 4000
