  1   1
  2   3
  3   4
  4   7
  5   6
  6  12
  7   8
  8  15
  9  13
 10  18
 11  12
 12  28
 13  14
 14  24
 15  24
 16  31
 17  18
 18  39
 19  20
 20  42
 21  32
 22  36
 23  24
 24  60
 25  31
 26  42
 27  40
 28  56
 29  30
 30  72
 31  32
 32  63
 33  48
 34  54
 35  48
 36  91
 37  38
 38  60
 39  56
 40  90
 41  42
 42  96
 43  44
 44  84
 45  78
 46  72
 47  48
 48 124
 49  57
 50  93
 51  72
 52  98
 53  54
 54 120
 55  72
 56 120
 57  80
 58  90
 59  60
 60 168
 61  62
 62  96
 63 104
 64 127
 65  84
 66 144
 67  68
 68 126
 69  96
 70 144
 71  72
 72 195
 73  74
 74 114
 75 124
 76 140
 77  96
 78 168
 79  80
 80 186
 81 121
 82 126
 83  84
 84 224
 85 108
 86 132
 87 120
 88 180
 89  90
 90 234
 91 112
 92 168
 93 128
 94 144
 95 120
 96 252
 97  98
 98 171
 99 156
100 217
